#
# There is insufficient memory for the Java Runtime Environment to continue.
# Native memory allocation (mmap) failed to map 135790592 bytes for committing reserved memory.
# Possible reasons:
#   The system is out of physical RAM or swap space
#   In 32 bit mode, the process size limit was hit
# Possible solutions:
#   Reduce memory load on the system
#   Increase physical memory or swap space
#   Check if swap backing store is full
#   Use 64 bit Java on a 64 bit OS
#   Decrease Java heap size (-Xmx/-Xms)
#   Decrease number of Java threads
#   Decrease Java thread stack sizes (-Xss)
#   Set larger code cache with -XX:ReservedCodeCacheSize=
# This output file may be truncated or incomplete.
#
#  Out of Memory Error (os_linux.cpp:2627), pid=6648, tid=0x00007fb202ef6700
#
# JRE version: Java(TM) SE Runtime Environment (8.0_121-b13) (build 1.8.0_121-b13)
# Java VM: Java HotSpot(TM) 64-Bit Server VM (25.121-b13 mixed mode linux-amd64 compressed oops)
# Failed to write core dump. Core dumps have been disabled. To enable core dumping, try "ulimit -c unlimited" before starting Java again
#

---------------  T H R E A D  ---------------

Current thread (0x00007fb218073800):  VMThread [stack: 0x00007fb202df6000,0x00007fb202ef7000] [id=6654]

Stack: [0x00007fb202df6000,0x00007fb202ef7000],  sp=0x00007fb202ef51e0,  free space=1020k
Native frames: (J=compiled Java code, j=interpreted, Vv=VM code, C=native code)
V  [libjvm.so+0xac703a]  VMError::report_and_die()+0x2ba
V  [libjvm.so+0x4fc7eb]  report_vm_out_of_memory(char const*, int, unsigned long, VMErrorType, char const*)+0x8b
V  [libjvm.so+0x923c43]  os::Linux::commit_memory_impl(char*, unsigned long, bool)+0x103
V  [libjvm.so+0x924199]  os::pd_commit_memory(char*, unsigned long, unsigned long, bool)+0x29
V  [libjvm.so+0x91e4aa]  os::commit_memory(char*, unsigned long, unsigned long, bool)+0x2a
V  [libjvm.so+0x992f03]  PSVirtualSpace::expand_by(unsigned long)+0x53
V  [libjvm.so+0x994308]  PSYoungGen::resize_generation(unsigned long, unsigned long)+0xf8
V  [libjvm.so+0x993462]  PSYoungGen::resize(unsigned long, unsigned long)+0x22
V  [libjvm.so+0x99073b]  PSScavenge::invoke_no_policy()+0xf3b
V  [libjvm.so+0x990ec1]  PSScavenge::invoke()+0x41
V  [libjvm.so+0x947c10]  ParallelScavengeHeap::failed_mem_allocate(unsigned long)+0x70
V  [libjvm.so+0xac8a57]  VM_ParallelGCFailedAllocation::doit()+0x97
V  [libjvm.so+0xad0535]  VM_Operation::evaluate()+0x55
V  [libjvm.so+0xace90a]  VMThread::evaluate_operation(VM_Operation*)+0xba
V  [libjvm.so+0xacec8e]  VMThread::loop()+0x1ce
V  [libjvm.so+0xacf100]  VMThread::run()+0x70
V  [libjvm.so+0x926268]  java_start(Thread*)+0x108

VM_Operation (0x00007fb1c5f52a80): ParallelGCFailedAllocation, mode: safepoint, requested by thread 0x00007fb1d805e000


---------------  P R O C E S S  ---------------

Java Threads: ( => current thread )
  0x00007fb1d8061800 JavaThread "pool-5-thread-4" [_thread_blocked, id=6680, stack(0x00007fb1c5c52000,0x00007fb1c5d53000)]
  0x00007fb1d805f800 JavaThread "pool-5-thread-3" [_thread_blocked, id=6679, stack(0x00007fb1c5d53000,0x00007fb1c5e54000)]
  0x00007fb1d805e000 JavaThread "pool-5-thread-2" [_thread_blocked, id=6678, stack(0x00007fb1c5e54000,0x00007fb1c5f55000)]
  0x00007fb1d805c000 JavaThread "pool-6-thread-1" [_thread_blocked, id=6677, stack(0x00007fb1c5f55000,0x00007fb1c6056000)]
  0x00007fb1d805a800 JavaThread "pool-5-thread-1" [_thread_blocked, id=6676, stack(0x00007fb1c6056000,0x00007fb1c6157000)]
  0x00007fb1cc6d7800 JavaThread "pool-3-thread-1" [_thread_blocked, id=6675, stack(0x00007fb1c643b000,0x00007fb1c653c000)]
  0x00007fb1cca38800 JavaThread "File lock request listener" [_thread_in_native, id=6674, stack(0x00007fb1fc0d6000,0x00007fb1fc1d7000)]
  0x00007fb1cc88b000 JavaThread "process reaper" daemon [_thread_blocked, id=6673, stack(0x00007fb20078a000,0x00007fb2007c3000)]
  0x00007fb1cc019800 JavaThread "Stdin handler" [_thread_blocked, id=6670, stack(0x00007fb1fc651000,0x00007fb1fc752000)]
  0x00007fb1cc021800 JavaThread "Asynchronous log dispatcher for org.gradle.launcher.daemon.server.DefaultDaemonConnection@45ceae13" [_thread_blocked, id=6669, stack(0x00007fb2007c4000,0x00007fb2008c5000)]
  0x00007fb1c8007800 JavaThread "Daemon worker" [_thread_blocked, id=6667, stack(0x00007fb2008c5000,0x00007fb2009c6000)]
  0x00007fb1c8004000 JavaThread "Cancel handler" [_thread_blocked, id=6666, stack(0x00007fb2009c6000,0x00007fb200ac7000)]
  0x00007fb1c8005800 JavaThread "Handler for socket connection from /0:0:0:0:0:0:0:1:33321 to /0:0:0:0:0:0:0:1:45746" [_thread_in_native, id=6665, stack(0x00007fb200cc7000,0x00007fb200dc8000)]
  0x00007fb1d4017000 JavaThread "Daemon" [_thread_blocked, id=6664, stack(0x00007fb200dc8000,0x00007fb200ec9000)]
  0x00007fb218cb0000 JavaThread "Incoming local TCP Connector on port 33321" [_thread_in_native, id=6663, stack(0x00007fb2010d0000,0x00007fb2011d1000)]
  0x00007fb218c6f800 JavaThread "pool-1-thread-1" [_thread_blocked, id=6662, stack(0x00007fb2011d1000,0x00007fb2012d2000)]
  0x00007fb2180c4000 JavaThread "Service Thread" daemon [_thread_blocked, id=6660, stack(0x00007fb202667000,0x00007fb202768000)]
  0x00007fb2180b7000 JavaThread "C1 CompilerThread1" daemon [_thread_blocked, id=6659, stack(0x00007fb202768000,0x00007fb202869000)]
  0x00007fb2180b4000 JavaThread "C2 CompilerThread0" daemon [_thread_blocked, id=6658, stack(0x00007fb202869000,0x00007fb20296a000)]
  0x00007fb2180b2800 JavaThread "Signal Dispatcher" daemon [_thread_blocked, id=6657, stack(0x00007fb20296a000,0x00007fb202a6b000)]
  0x00007fb218080000 JavaThread "Finalizer" daemon [_thread_blocked, id=6656, stack(0x00007fb202bf4000,0x00007fb202cf5000)]
  0x00007fb21807b800 JavaThread "Reference Handler" daemon [_thread_blocked, id=6655, stack(0x00007fb202cf5000,0x00007fb202df6000)]
  0x00007fb21800a000 JavaThread "main" [_thread_blocked, id=6650, stack(0x00007fb21f296000,0x00007fb21f397000)]

Other Threads:
=>0x00007fb218073800 VMThread [stack: 0x00007fb202df6000,0x00007fb202ef7000] [id=6654]
  0x00007fb2180ce800 WatcherThread [stack: 0x00007fb202566000,0x00007fb202667000] [id=6661]

VM state:at safepoint (normal execution)

VM Mutex/Monitor currently owned by a thread:  ([mutex/lock_event])
[0x00007fb2180061e0] Threads_lock - owner thread: 0x00007fb218073800
[0x00007fb2180066e0] Heap_lock - owner thread: 0x00007fb1d805e000

Heap:
 PSYoungGen      total 301056K, used 43516K [0x00000000d5580000, 0x00000000ea600000, 0x0000000100000000)
  eden space 257536K, 0% used [0x00000000d5580000,0x00000000d5580000,0x00000000e5100000)
  from space 43520K, 99% used [0x00000000e5100000,0x00000000e7b7f380,0x00000000e7b80000)
  to   space 37888K, 0% used [0x00000000e8080000,0x00000000e8080000,0x00000000ea580000)
 ParOldGen       total 124928K, used 89627K [0x0000000080000000, 0x0000000087a00000, 0x00000000d5580000)
  object space 124928K, 71% used [0x0000000080000000,0x0000000085786cf8,0x0000000087a00000)
 Metaspace       used 51522K, capacity 52720K, committed 52864K, reserved 1095680K
  class space    used 6958K, capacity 7228K, committed 7296K, reserved 1048576K

Card table byte_map: [0x00007fb208bff000,0x00007fb209000000] byte_map_base: 0x00007fb2087ff000

Marking Bits: (ParMarkBitMap*) 0x00007fb21e754c80
 Begin Bits: [0x00007fb1fc752000, 0x00007fb1fe752000)
 End Bits:   [0x00007fb1fe752000, 0x00007fb200752000)

Polling page: 0x00007fb21f3a1000

CodeCache: size=245760Kb used=22260Kb max_used=22260Kb free=223499Kb
 bounds [0x00007fb209000000, 0x00007fb20a5e0000, 0x00007fb218000000]
 total_blobs=7936 nmethods=7213 adapters=636
 compilation: enabled

Compilation events (10 events):
Event: 12.884 Thread 0x00007fb2180b7000 8331       2       sun.util.calendar.Gregorian::getCalendarDate (10 bytes)
Event: 12.884 Thread 0x00007fb2180b7000 nmethod 8331 0x00007fb20a5cf2d0 code [0x00007fb20a5cf440, 0x00007fb20a5cf5e8]
Event: 12.884 Thread 0x00007fb2180b7000 8332       2       sun.util.calendar.AbstractCalendar::getCalendarDate (217 bytes)
Event: 12.885 Thread 0x00007fb2180b7000 nmethod 8332 0x00007fb20a5cf6d0 code [0x00007fb20a5cf8a0, 0x00007fb20a5cfe58]
Event: 12.885 Thread 0x00007fb2180b7000 8333       2       sun.util.calendar.CalendarDate::setZoneOffset (6 bytes)
Event: 12.885 Thread 0x00007fb2180b7000 nmethod 8333 0x00007fb20a5d0250 code [0x00007fb20a5d03a0, 0x00007fb20a5d04f0]
Event: 12.887 Thread 0x00007fb2180b7000 8334       2       sun.util.calendar.CalendarDate::setDaylightSaving (6 bytes)
Event: 12.888 Thread 0x00007fb2180b7000 nmethod 8334 0x00007fb20a5d0550 code [0x00007fb20a5d06a0, 0x00007fb20a5d07f0]
Event: 12.888 Thread 0x00007fb2180b7000 8335       2       sun.util.calendar.BaseCalendar::isLeapYear (12 bytes)
Event: 12.888 Thread 0x00007fb2180b7000 nmethod 8335 0x00007fb20a5d0850 code [0x00007fb20a5d09c0, 0x00007fb20a5d0c28]

GC Heap History (10 events):
Event: 9.040 GC heap after
Heap after GC invocations=13 (full 2):
 PSYoungGen      total 173056K, used 16360K [0x00000000d5580000, 0x00000000e3f80000, 0x0000000100000000)
  eden space 156672K, 0% used [0x00000000d5580000,0x00000000d5580000,0x00000000dee80000)
  from space 16384K, 99% used [0x00000000dee80000,0x00000000dfe7a288,0x00000000dfe80000)
  to   space 19456K, 0% used [0x00000000e2c80000,0x00000000e2c80000,0x00000000e3f80000)
 ParOldGen       total 61440K, used 22552K [0x0000000080000000, 0x0000000083c00000, 0x00000000d5580000)
  object space 61440K, 36% used [0x0000000080000000,0x00000000816061f0,0x0000000083c00000)
 Metaspace       used 48954K, capacity 50096K, committed 50304K, reserved 1093632K
  class space    used 6755K, capacity 7036K, committed 7040K, reserved 1048576K
}
Event: 9.976 GC heap before
{Heap before GC invocations=14 (full 2):
 PSYoungGen      total 173056K, used 173032K [0x00000000d5580000, 0x00000000e3f80000, 0x0000000100000000)
  eden space 156672K, 100% used [0x00000000d5580000,0x00000000dee80000,0x00000000dee80000)
  from space 16384K, 99% used [0x00000000dee80000,0x00000000dfe7a288,0x00000000dfe80000)
  to   space 19456K, 0% used [0x00000000e2c80000,0x00000000e2c80000,0x00000000e3f80000)
 ParOldGen       total 61440K, used 22552K [0x0000000080000000, 0x0000000083c00000, 0x00000000d5580000)
  object space 61440K, 36% used [0x0000000080000000,0x00000000816061f0,0x0000000083c00000)
 Metaspace       used 51009K, capacity 52208K, committed 52352K, reserved 1093632K
  class space    used 6949K, capacity 7228K, committed 7296K, reserved 1048576K
Event: 10.023 GC heap after
Heap after GC invocations=14 (full 2):
 PSYoungGen      total 213504K, used 19451K [0x00000000d5580000, 0x00000000e5100000, 0x0000000100000000)
  eden space 194048K, 0% used [0x00000000d5580000,0x00000000d5580000,0x00000000e1300000)
  from space 19456K, 99% used [0x00000000e2c80000,0x00000000e3f7ed18,0x00000000e3f80000)
  to   space 26112K, 0% used [0x00000000e1300000,0x00000000e1300000,0x00000000e2c80000)
 ParOldGen       total 61440K, used 33359K [0x0000000080000000, 0x0000000083c00000, 0x00000000d5580000)
  object space 61440K, 54% used [0x0000000080000000,0x0000000082093fb8,0x0000000083c00000)
 Metaspace       used 51009K, capacity 52208K, committed 52352K, reserved 1093632K
  class space    used 6949K, capacity 7228K, committed 7296K, reserved 1048576K
}
Event: 10.949 GC heap before
{Heap before GC invocations=15 (full 2):
 PSYoungGen      total 213504K, used 213499K [0x00000000d5580000, 0x00000000e5100000, 0x0000000100000000)
  eden space 194048K, 100% used [0x00000000d5580000,0x00000000e1300000,0x00000000e1300000)
  from space 19456K, 99% used [0x00000000e2c80000,0x00000000e3f7ed18,0x00000000e3f80000)
  to   space 26112K, 0% used [0x00000000e1300000,0x00000000e1300000,0x00000000e2c80000)
 ParOldGen       total 61440K, used 33359K [0x0000000080000000, 0x0000000083c00000, 0x00000000d5580000)
  object space 61440K, 54% used [0x0000000080000000,0x0000000082093fb8,0x0000000083c00000)
 Metaspace       used 51277K, capacity 52464K, committed 52608K, reserved 1095680K
  class space    used 6956K, capacity 7228K, committed 7296K, reserved 1048576K
Event: 11.064 GC heap after
Heap after GC invocations=15 (full 2):
 PSYoungGen      total 220160K, used 26104K [0x00000000d5580000, 0x00000000ea580000, 0x0000000100000000)
  eden space 194048K, 0% used [0x00000000d5580000,0x00000000d5580000,0x00000000e1300000)
  from space 26112K, 99% used [0x00000000e1300000,0x00000000e2c7e078,0x00000000e2c80000)
  to   space 37888K, 0% used [0x00000000e8080000,0x00000000e8080000,0x00000000ea580000)
 ParOldGen       total 61440K, used 54188K [0x0000000080000000, 0x0000000083c00000, 0x00000000d5580000)
  object space 61440K, 88% used [0x0000000080000000,0x00000000834eb080,0x0000000083c00000)
 Metaspace       used 51277K, capacity 52464K, committed 52608K, reserved 1095680K
  class space    used 6956K, capacity 7228K, committed 7296K, reserved 1048576K
}
Event: 11.064 GC heap before
{Heap before GC invocations=16 (full 3):
 PSYoungGen      total 220160K, used 26104K [0x00000000d5580000, 0x00000000ea580000, 0x0000000100000000)
  eden space 194048K, 0% used [0x00000000d5580000,0x00000000d5580000,0x00000000e1300000)
  from space 26112K, 99% used [0x00000000e1300000,0x00000000e2c7e078,0x00000000e2c80000)
  to   space 37888K, 0% used [0x00000000e8080000,0x00000000e8080000,0x00000000ea580000)
 ParOldGen       total 61440K, used 54188K [0x0000000080000000, 0x0000000083c00000, 0x00000000d5580000)
  object space 61440K, 88% used [0x0000000080000000,0x00000000834eb080,0x0000000083c00000)
 Metaspace       used 51277K, capacity 52464K, committed 52608K, reserved 1095680K
  class space    used 6956K, capacity 7228K, committed 7296K, reserved 1048576K
Event: 11.558 GC heap after
Heap after GC invocations=16 (full 3):
 PSYoungGen      total 220160K, used 12762K [0x00000000d5580000, 0x00000000ea580000, 0x0000000100000000)
  eden space 194048K, 0% used [0x00000000d5580000,0x00000000d5580000,0x00000000e1300000)
  from space 26112K, 48% used [0x00000000e1300000,0x00000000e1f769e0,0x00000000e2c80000)
  to   space 37888K, 0% used [0x00000000e8080000,0x00000000e8080000,0x00000000ea580000)
 ParOldGen       total 124928K, used 61345K [0x0000000080000000, 0x0000000087a00000, 0x00000000d5580000)
  object space 124928K, 49% used [0x0000000080000000,0x0000000083be8668,0x0000000087a00000)
 Metaspace       used 51277K, capacity 52464K, committed 52608K, reserved 1095680K
  class space    used 6956K, capacity 7228K, committed 7296K, reserved 1048576K
}
Event: 12.180 GC heap before
{Heap before GC invocations=17 (full 3):
 PSYoungGen      total 220160K, used 206810K [0x00000000d5580000, 0x00000000ea580000, 0x0000000100000000)
  eden space 194048K, 100% used [0x00000000d5580000,0x00000000e1300000,0x00000000e1300000)
  from space 26112K, 48% used [0x00000000e1300000,0x00000000e1f769e0,0x00000000e2c80000)
  to   space 37888K, 0% used [0x00000000e8080000,0x00000000e8080000,0x00000000ea580000)
 ParOldGen       total 124928K, used 61345K [0x0000000080000000, 0x0000000087a00000, 0x00000000d5580000)
  object space 124928K, 49% used [0x0000000080000000,0x0000000083be8668,0x0000000087a00000)
 Metaspace       used 51423K, capacity 52592K, committed 52864K, reserved 1095680K
  class space    used 6958K, capacity 7228K, committed 7296K, reserved 1048576K
Event: 12.240 GC heap after
Heap after GC invocations=17 (full 3):
 PSYoungGen      total 295424K, used 35046K [0x00000000d5580000, 0x00000000ea600000, 0x0000000100000000)
  eden space 257536K, 0% used [0x00000000d5580000,0x00000000d5580000,0x00000000e5100000)
  from space 37888K, 92% used [0x00000000e8080000,0x00000000ea2b9990,0x00000000ea580000)
  to   space 43520K, 0% used [0x00000000e5100000,0x00000000e5100000,0x00000000e7b80000)
 ParOldGen       total 124928K, used 63305K [0x0000000080000000, 0x0000000087a00000, 0x00000000d5580000)
  object space 124928K, 50% used [0x0000000080000000,0x0000000083dd26a8,0x0000000087a00000)
 Metaspace       used 51423K, capacity 52592K, committed 52864K, reserved 1095680K
  class space    used 6958K, capacity 7228K, committed 7296K, reserved 1048576K
}
Event: 12.888 GC heap before
{Heap before GC invocations=18 (full 3):
 PSYoungGen      total 295424K, used 292582K [0x00000000d5580000, 0x00000000ea600000, 0x0000000100000000)
  eden space 257536K, 100% used [0x00000000d5580000,0x00000000e5100000,0x00000000e5100000)
  from space 37888K, 92% used [0x00000000e8080000,0x00000000ea2b9990,0x00000000ea580000)
  to   space 43520K, 0% used [0x00000000e5100000,0x00000000e5100000,0x00000000e7b80000)
 ParOldGen       total 124928K, used 63305K [0x0000000080000000, 0x0000000087a00000, 0x00000000d5580000)
  object space 124928K, 50% used [0x0000000080000000,0x0000000083dd26a8,0x0000000087a00000)
 Metaspace       used 51522K, capacity 52720K, committed 52864K, reserved 1095680K
  class space    used 6958K, capacity 7228K, committed 7296K, reserved 1048576K

Deoptimization events (10 events):
Event: 9.256 Thread 0x00007fb1d805f800 Uncommon trap: reason=class_check action=maybe_recompile pc=0x00007fb2099858a0 method=java.util.concurrent.ConcurrentHashMap.putVal(Ljava/lang/Object;Ljava/lang/Object;Z)Ljava/lang/Object; @ 192
Event: 9.256 Thread 0x00007fb1d8061800 Uncommon trap: reason=class_check action=maybe_recompile pc=0x00007fb2099858a0 method=java.util.concurrent.ConcurrentHashMap.putVal(Ljava/lang/Object;Ljava/lang/Object;Z)Ljava/lang/Object; @ 192
Event: 9.436 Thread 0x00007fb1d8061800 Uncommon trap: reason=unstable_if action=reinterpret pc=0x00007fb20966205c method=java.util.concurrent.ConcurrentHashMap.addCount(JI)V @ 34
Event: 9.869 Thread 0x00007fb1d805f800 Uncommon trap: reason=unstable_if action=reinterpret pc=0x00007fb20a1db1a0 method=java.util.concurrent.ConcurrentHashMap.addCount(JI)V @ 97
Event: 10.128 Thread 0x00007fb1d805e000 Uncommon trap: reason=unstable_if action=reinterpret pc=0x00007fb20a274f38 method=java.util.ArrayList.ensureCapacity(I)V @ 7
Event: 10.838 Thread 0x00007fb218c6f800 Uncommon trap: reason=speculate_class_check action=maybe_recompile pc=0x00007fb20934c43c method=java.util.AbstractList.listIterator()Ljava/util/ListIterator; @ 2
Event: 10.893 Thread 0x00007fb1d805f800 Uncommon trap: reason=unstable_if action=reinterpret pc=0x00007fb209678278 method=java.util.HashMap.getNode(ILjava/lang/Object;)Ljava/util/HashMap$Node; @ 84
Event: 10.894 Thread 0x00007fb1d805f800 Uncommon trap: reason=unstable_if action=reinterpret pc=0x00007fb209660a90 method=java.util.HashMap.getNode(ILjava/lang/Object;)Ljava/util/HashMap$Node; @ 84
Event: 11.906 Thread 0x00007fb1d805f800 Uncommon trap: reason=unstable_if action=reinterpret pc=0x00007fb20a532bd8 method=java.util.concurrent.ConcurrentHashMap.putVal(Ljava/lang/Object;Ljava/lang/Object;Z)Ljava/lang/Object; @ 331
Event: 12.026 Thread 0x00007fb1d805a800 Uncommon trap: reason=unstable_if action=reinterpret pc=0x00007fb20a243d64 method=com.android.dx.rop.code.RegisterSpecSet.<init>(I)V @ 2

Internal exceptions (10 events):
Event: 7.056 Thread 0x00007fb1c8007800 Exception <a 'java/lang/ClassNotFoundException': com/android/build/gradle/internal/tasks/DeviceProviderInstrumentTestTaskBeanInfo> (0x00000000da6a5b70) thrown at [/HUDSON3/workspace/8-2-build-linux-amd64/jdk8u121/8372/hotspot/src/share/vm/classfile/system
Event: 7.057 Thread 0x00007fb1c8007800 Exception <a 'java/lang/ClassNotFoundException': com/android/build/gradle/internal/tasks/DeviceProviderInstrumentTestTaskCustomizer> (0x00000000da6bbdd0) thrown at [/HUDSON3/workspace/8-2-build-linux-amd64/jdk8u121/8372/hotspot/src/share/vm/classfile/syst
Event: 7.057 Thread 0x00007fb1c8007800 Exception <a 'java/lang/ClassNotFoundException': com/android/build/gradle/internal/tasks/DeviceProviderInstrumentTestTask_DecoratedCustomizer> (0x00000000da707568) thrown at [/HUDSON3/workspace/8-2-build-linux-amd64/jdk8u121/8372/hotspot/src/share/vm/clas
Event: 7.117 Thread 0x00007fb1c8007800 Exception <a 'java/lang/ClassNotFoundException': org/gradle/platform/base/BinaryContainer_ImplBeanInfo> (0x00000000dacc8600) thrown at [/HUDSON3/workspace/8-2-build-linux-amd64/jdk8u121/8372/hotspot/src/share/vm/classfile/systemDictionary.cpp, line 210]
Event: 7.117 Thread 0x00007fb1c8007800 Exception <a 'java/lang/ClassNotFoundException': org/gradle/model/internal/core/NodeBackedModelMapBeanInfo> (0x00000000dacd8d98) thrown at [/HUDSON3/workspace/8-2-build-linux-amd64/jdk8u121/8372/hotspot/src/share/vm/classfile/systemDictionary.cpp, line 21
Event: 7.117 Thread 0x00007fb1c8007800 Exception <a 'java/lang/ClassNotFoundException': org/gradle/model/internal/core/ModelMapGroovyViewBeanInfo> (0x00000000dace9530) thrown at [/HUDSON3/workspace/8-2-build-linux-amd64/jdk8u121/8372/hotspot/src/share/vm/classfile/systemDictionary.cpp, line 21
Event: 7.118 Thread 0x00007fb1c8007800 Exception <a 'java/lang/ClassNotFoundException': org/gradle/model/internal/core/ModelMapGroovyViewCustomizer> (0x00000000dacfa720) thrown at [/HUDSON3/workspace/8-2-build-linux-amd64/jdk8u121/8372/hotspot/src/share/vm/classfile/systemDictionary.cpp, line 
Event: 7.118 Thread 0x00007fb1c8007800 Exception <a 'java/lang/ClassNotFoundException': org/gradle/model/internal/core/NodeBackedModelMapCustomizer> (0x00000000dad1ef40) thrown at [/HUDSON3/workspace/8-2-build-linux-amd64/jdk8u121/8372/hotspot/src/share/vm/classfile/systemDictionary.cpp, line 
Event: 7.120 Thread 0x00007fb1c8007800 Exception <a 'java/lang/ClassNotFoundException': org/gradle/platform/base/BinaryContainer_ImplCustomizer> (0x00000000dad7cc10) thrown at [/HUDSON3/workspace/8-2-build-linux-amd64/jdk8u121/8372/hotspot/src/share/vm/classfile/systemDictionary.cpp, line 210]
Event: 7.279 Thread 0x00007fb1c8007800 Exception <a 'java/lang/NoSuchMethodError': java.lang.Object.lambda$negate$1(Ljava/lang/Object;)Z> (0x00000000db169220) thrown at [/HUDSON3/workspace/8-2-build-linux-amd64/jdk8u121/8372/hotspot/src/share/vm/interpreter/linkResolver.cpp, line 582]

Events (10 events):
Event: 12.846 Executing VM operation: RevokeBias done
Event: 12.849 Thread 0x00007fb1cc6d7800 DEOPT PACKING pc=0x00007fb2096a96c2 sp=0x00007fb1c6539470
Event: 12.849 Thread 0x00007fb1cc6d7800 DEOPT UNPACKING pc=0x00007fb209047373 sp=0x00007fb1c65391b0 mode 0
Event: 12.853 Executing VM operation: RevokeBias
Event: 12.853 Executing VM operation: RevokeBias done
Event: 12.854 Executing VM operation: RevokeBias
Event: 12.854 Executing VM operation: RevokeBias done
Event: 12.864 Executing VM operation: RevokeBias
Event: 12.871 Executing VM operation: RevokeBias done
Event: 12.888 Executing VM operation: ParallelGCFailedAllocation


Dynamic libraries:
00400000-00401000 r-xp 00000000 ca:01 526388                             /usr/lib/jvm/java-8-oracle/bin/java
00600000-00601000 rw-p 00000000 ca:01 526388                             /usr/lib/jvm/java-8-oracle/bin/java
016ca000-016eb000 rw-p 00000000 00:00 0                                  [heap]
80000000-87a00000 rw-p 00000000 00:00 0 
87a00000-d5580000 ---p 00000000 00:00 0 
d5580000-ea600000 rw-p 00000000 00:00 0 
f2780000-100000000 ---p 00000000 00:00 0 
100000000-100720000 rw-p 00000000 00:00 0 
100720000-140000000 ---p 00000000 00:00 0 
7fb1c5a52000-7fb1c5ad2000 rw-p 00000000 00:00 0 
7fb1c5ad2000-7fb1c5c52000 ---p 00000000 00:00 0 
7fb1c5c52000-7fb1c5c55000 ---p 00000000 00:00 0 
7fb1c5c55000-7fb1c5d53000 rw-p 00000000 00:00 0                          [stack:6680]
7fb1c5d53000-7fb1c5d56000 ---p 00000000 00:00 0 
7fb1c5d56000-7fb1c5e54000 rw-p 00000000 00:00 0                          [stack:6679]
7fb1c5e54000-7fb1c5e57000 ---p 00000000 00:00 0 
7fb1c5e57000-7fb1c5f55000 rw-p 00000000 00:00 0                          [stack:6678]
7fb1c5f55000-7fb1c5f58000 ---p 00000000 00:00 0 
7fb1c5f58000-7fb1c6056000 rw-p 00000000 00:00 0                          [stack:6677]
7fb1c6056000-7fb1c6059000 ---p 00000000 00:00 0 
7fb1c6059000-7fb1c6157000 rw-p 00000000 00:00 0                          [stack:6676]
7fb1c6157000-7fb1c623b000 r--s 00948000 ca:01 1442169                    /home/ubuntu/Android/app/build/intermediates/transforms/jarMerging/debug/jars/1/1f/combined.jar
7fb1c623b000-7fb1c643b000 rw-p 00000000 00:00 0 
7fb1c643b000-7fb1c643e000 ---p 00000000 00:00 0 
7fb1c643e000-7fb1c673c000 rw-p 00000000 00:00 0                          [stack:6675]
7fb1c673c000-7fb1c693c000 rw-p 00000000 00:00 0 
7fb1c693c000-7fb1c6b3c000 rw-p 00000000 00:00 0 
7fb1c6b3c000-7fb1c6d3c000 rw-p 00000000 00:00 0 
7fb1c6d3c000-7fb1c6f3c000 rw-p 00000000 00:00 0 
7fb1c6f3c000-7fb1c713c000 rw-p 00000000 00:00 0 
7fb1c713c000-7fb1c733c000 rw-p 00000000 00:00 0 
7fb1c733c000-7fb1c753c000 rw-p 00000000 00:00 0 
7fb1c753c000-7fb1c773c000 rw-p 00000000 00:00 0 
7fb1c773c000-7fb1c793c000 rw-p 00000000 00:00 0 
7fb1c794f000-7fb1c7950000 rw-p 00000000 00:00 0 
7fb1c7950000-7fb1c7963000 r--s 00345000 ca:01 527727                     /usr/lib/jvm/java-8-oracle/jre/lib/resources.jar
7fb1c7963000-7fb1c798e000 r--s 001fc000 ca:01 32272                      /root/.gradle/caches/modules-2/files-2.1/com.google.guava/guava/18.0/cce0823396aa693798f8882e64213b1772032b09/guava-18.0.jar
7fb1c798e000-7fb1c798f000 r--s 00001000 ca:01 32271                      /root/.gradle/caches/modules-2/files-2.1/com.android.tools/annotations/25.2.1/5110ad3fc41cbcb39cc26fc19379eb0a8972911a/annotations-25.2.1.jar
7fb1c798f000-7fb1c79a1000 r--s 000b3000 ca:01 32270                      /root/.gradle/caches/modules-2/files-2.1/com.android.tools.external.com-intellij/uast/145.597.3/4d2f689b410743048f70f34c1632571b50e3d6bd/uast-145.597.3.jar
7fb1c79a1000-7fb1c79a9000 r--s 000a8000 ca:01 32269                      /root/.gradle/caches/modules-2/files-2.1/com.android.tools.external.lombok/lombok-ast/0.2.3/528b6f8bde3157f17530aa366631f2aad2a6cf9/lombok-ast-0.2.3.jar
7fb1c79a9000-7fb1c79ab000 r--s 0000d000 ca:01 32268                      /root/.gradle/caches/modules-2/files-2.1/commons-codec/commons-codec/1.4/4216af16d38465bbab0f3dff8efa14204f7a399a/commons-codec-1.4.jar
7fb1c79ab000-7fb1c79ad000 r--s 0000d000 ca:01 32267                      /root/.gradle/caches/modules-2/files-2.1/commons-logging/commons-logging/1.1.1/5043bfebc3db072ed80fbd362e7caf00e885d8ae/commons-logging-1.1.1.jar
7fb1c79ad000-7fb1c79b2000 r--s 00028000 ca:01 32266                      /root/.gradle/caches/modules-2/files-2.1/org.apache.httpcomponents/httpcore/4.1/33fc26c02f8043ab0ede19eadc8c9885386b255c/httpcore-4.1.jar
7fb1c79b2000-7fb1c79b6000 r--s 0002f000 ca:01 32265                      /root/.gradle/caches/modules-2/files-2.1/com.google.jimfs/jimfs/1.1/8fbd0579dc68aba6186935cc1bee21d2f3e7ec1c/jimfs-1.1.jar
7fb1c79b6000-7fb1c79b7000 r--s 00004000 ca:01 32264                      /root/.gradle/caches/modules-2/files-2.1/com.intellij/annotations/12.0/bbcf6448f6d40abe506e2c83b70a3e8bfd2b4539/annotations-12.0.jar
7fb1c79b7000-7fb1c79b8000 r--s 00004000 ca:01 32263                      /root/.gradle/caches/modules-2/files-2.1/org.ow2.asm/asm-analysis/5.0.4/51f5031331a56c462a3cc5126e21ab65958759a9/asm-analysis-5.0.4.jar
7fb1c79b8000-7fb1c79bc000 r--s 0003b000 ca:01 32262                      /root/.gradle/caches/modules-2/files-2.1/com.android.tools.lint/lint-api/25.2.1/9e9e87072eba52829a5b89a87f857cbb384c6a51/lint-api-25.2.1.jar
7fb1c79bc000-7fb1c79bd000 r--s 0000a000 ca:01 32261                      /root/.gradle/caches/modules-2/files-2.1/net.sf.kxml/kxml2/2.3.0/ccbc77a5fd907ef863c29f3596c6f54ffa4e9442/kxml2-2.3.0.jar
7fb1c79bd000-7fb1c79bf000 r--s 00005000 ca:01 32260                      /root/.gradle/caches/modules-2/files-2.1/org.apache.httpcomponents/httpmime/4.1/9ba2dcdf94ce35c8a8e9bff242db0618ca932e92/httpmime-4.1.jar
7fb1c79bf000-7fb1c79c7000 r--s 0004e000 ca:01 32259                      /root/.gradle/caches/modules-2/files-2.1/org.apache.httpcomponents/httpclient/4.1.1/3d1d918f32709e33ba7ddb2c4e8d1c543ebe713e/httpclient-4.1.1.jar
7fb1c79c7000-7fb1c79ce000 r--s 00053000 ca:01 32258                      /root/.gradle/caches/modules-2/files-2.1/org.apache.commons/commons-compress/1.8.1/a698750c16740fd5b3871425f4cb3bbaa87f529d/commons-compress-1.8.1.jar
7fb1c79ce000-7fb1c79d3000 r--s 0002a000 ca:01 32257                      /root/.gradle/caches/modules-2/files-2.1/com.google.code.gson/gson/2.2.4/a60a5e993c98c864010053cb901b7eab25306568/gson-2.2.4.jar
7fb1c79d3000-7fb1c79d8000 r--s 0002d000 ca:01 32256                      /root/.gradle/caches/modules-2/files-2.1/com.android.tools/repository/25.2.1/df399e4041a4aecd8d8bc7c09902223d8c8be85a/repository-25.2.1.jar
7fb1c79d8000-7fb1c79d9000 r--s 00005000 ca:01 32255                      /root/.gradle/caches/modules-2/files-2.1/com.android.tools/dvlib/25.2.1/3dae5c51505b3e1105018b4c57b3fbf757f9f5c0/dvlib-25.2.1.jar
7fb1c79d9000-7fb1c79e9000 r--s 000d6000 ca:01 32250                      /root/.gradle/caches/modules-2/files-2.1/net.sf.proguard/proguard-base/5.2.1/4f61348b4e7c943b85679dcb697f3a5fc3101921/proguard-base-5.2.1.jar
7fb1c79e9000-7fb1c7a00000 r--s 00154000 ca:01 32247                      /root/.gradle/caches/modules-2/files-2.1/org.antlr/antlr4/4.5.3/f35db7e4b2446e4174ba6a73db7bd6b3e6bb5da1/antlr4-4.5.3.jar
7fb1c7a00000-7fb1c7c00000 rw-p 00000000 00:00 0 
7fb1c7c00000-7fb1c7e00000 rw-p 00000000 00:00 0 
7fb1c7e00000-7fb1c8000000 rw-p 00000000 00:00 0 
7fb1c8000000-7fb1c8021000 rw-p 00000000 00:00 0 
7fb1c8021000-7fb1cc000000 ---p 00000000 00:00 0 
7fb1cc000000-7fb1cd239000 rw-p 00000000 00:00 0 
7fb1cd239000-7fb1d0000000 ---p 00000000 00:00 0 
7fb1d0000000-7fb1d0021000 rw-p 00000000 00:00 0 
7fb1d0021000-7fb1d4000000 ---p 00000000 00:00 0 
7fb1d4000000-7fb1d4065000 rw-p 00000000 00:00 0 
7fb1d4065000-7fb1d8000000 ---p 00000000 00:00 0 
7fb1d8000000-7fb1d80e1000 rw-p 00000000 00:00 0 
7fb1d80e1000-7fb1dc000000 ---p 00000000 00:00 0 
7fb1dc000000-7fb1dc021000 rw-p 00000000 00:00 0 
7fb1dc021000-7fb1e0000000 ---p 00000000 00:00 0 
7fb1e0000000-7fb1e1bcb000 rw-p 00000000 00:00 0 
7fb1e1bcb000-7fb1e4000000 ---p 00000000 00:00 0 
7fb1e4000000-7fb1e5387000 rw-p 00000000 00:00 0 
7fb1e5387000-7fb1e8000000 ---p 00000000 00:00 0 
7fb1e8000000-7fb1e8021000 rw-p 00000000 00:00 0 
7fb1e8021000-7fb1ec000000 ---p 00000000 00:00 0 
7fb1ec000000-7fb1ec027000 rw-p 00000000 00:00 0 
7fb1ec027000-7fb1f0000000 ---p 00000000 00:00 0 
7fb1f0000000-7fb1f028e000 rw-p 00000000 00:00 0 
7fb1f028e000-7fb1f4000000 ---p 00000000 00:00 0 
7fb1f4000000-7fb1f4034000 rw-p 00000000 00:00 0 
7fb1f4034000-7fb1f8000000 ---p 00000000 00:00 0 
7fb1f8000000-7fb1f805f000 rw-p 00000000 00:00 0 
7fb1f805f000-7fb1fc000000 ---p 00000000 00:00 0 
7fb1fc000000-7fb1fc003000 r--s 00014000 ca:01 32254                      /root/.gradle/caches/modules-2/files-2.1/com.android.tools.layoutlib/layoutlib-api/25.2.1/3d440ea19840eb7e9a51ed4ecf54f244ba43b2eb/layoutlib-api-25.2.1.jar
7fb1fc003000-7fb1fc007000 r--s 00037000 ca:01 32253                      /root/.gradle/caches/modules-2/files-2.1/org.antlr/ST4/4.0.8/a1c55e974f8a94d78e2348fa6ff63f4fa1fae64/ST4-4.0.8.jar
7fb1fc007000-7fb1fc00a000 r--s 00026000 ca:01 32252                      /root/.gradle/caches/modules-2/files-2.1/org.antlr/antlr-runtime/3.5.2/cd9cd41361c155f3af0f653009dcecb08d8b4afd/antlr-runtime-3.5.2.jar
7fb1fc00a000-7fb1fc00f000 r--s 00058000 ca:01 32251                      /root/.gradle/caches/modules-2/files-2.1/org.ow2.asm/asm-debug-all/5.0.1/f69b5f7d96cec0d448acf1c1a266584170c9643b/asm-debug-all-5.0.1.jar
7fb1fc00f000-7fb1fc012000 r--s 00033000 ca:01 32249                      /root/.gradle/caches/modules-2/files-2.1/com.googlecode.juniversalchardet/juniversalchardet/1.0.3/cd49678784c46aa8789c060538e0154013bb421b/juniversalchardet-1.0.3.jar
7fb1fc012000-7fb1fc016000 r--s 0002a000 ca:01 32248                      /root/.gradle/caches/modules-2/files-2.1/commons-io/commons-io/2.4/b1b6ea3b7e4aa4f492509a4952029cd8e48019ad/commons-io-2.4.jar
7fb1fc016000-7fb1fc017000 r--s 00002000 ca:01 32246                      /root/.gradle/caches/modules-2/files-2.1/com.android.databinding/baseLibrary/2.2.1/30d2b12e06347ece26e565b60cb7de12ed14d13b/baseLibrary-2.2.1.jar
7fb1fc017000-7fb1fc02a000 r--s 00236000 ca:01 32245                      /root/.gradle/caches/modules-2/files-2.1/org.eclipse.jdt.core.compiler/ecj/4.5.1/bee1367ac12fb6a20b422ff8711ebeb4f0a42316/ecj-4.5.1.jar
7fb1fc02a000-7fb1fc031000 r--s 000c3000 ca:01 32244                      /root/.gradle/caches/modules-2/files-2.1/com.android.tools.lint/lint-checks/25.2.1/14b530fe88ab45b59b451e3ce76efd213d71471c/lint-checks-25.2.1.jar
7fb1fc031000-7fb1fc033000 r--s 00006000 ca:01 32243                      /root/.gradle/caches/modules-2/files-2.1/org.ow2.asm/asm-tree/5.0.4/396ce0c07ba2b481f25a70195c7c94922f0d1b0b/asm-tree-5.0.4.jar
7fb1fc033000-7fb1fc066000 r--s 00203000 ca:01 32242                      /root/.gradle/caches/modules-2/files-2.1/org.bouncycastle/bcprov-jdk15on/1.48/960dea7c9181ba0b17e8bab0c06a43f0a5f04e65/bcprov-jdk15on-1.48.jar
7fb1fc066000-7fb1fc074000 r--s 00081000 ca:01 32241                      /root/.gradle/caches/modules-2/files-2.1/org.bouncycastle/bcpkix-jdk15on/1.48/28b7614b908a47844bb27e3c94b45b6893656265/bcpkix-jdk15on-1.48.jar
7fb1fc074000-7fb1fc076000 r--s 00002000 ca:01 32240                      /root/.gradle/caches/modules-2/files-2.1/com.squareup/javawriter/2.5.0/81241ff7078ef14f42ea2a8995fa09c096256e6b/javawriter-2.5.0.jar
7fb1fc076000-7fb1fc077000 r--s 00002000 ca:01 32239                      /root/.gradle/caches/modules-2/files-2.1/com.android.tools.analytics-library/tracker/25.2.1/9fefa2ffec302329dd5f04a9fb07e45462f2c934/tracker-25.2.1.jar
7fb1fc077000-7fb1fc079000 r--s 00003000 ca:01 32238                      /root/.gradle/caches/modules-2/files-2.1/com.android.tools.analytics-library/shared/25.2.1/e5ce4fd0911a368c21b84c98d31086733fd1590d/shared-25.2.1.jar
7fb1fc079000-7fb1fc086000 r--s 000ed000 ca:01 32237                      /root/.gradle/caches/modules-2/files-2.1/com.android.tools.analytics-library/protos/25.2.1/166a8b30acaeba56a83aa8f803c3393d320f44df/protos-25.2.1.jar
7fb1fc086000-7fb1fc087000 r--s 00001000 ca:01 32236                      /root/.gradle/caches/modules-2/files-2.1/com.android.tools.jill/jill-api/0.10.0/7dfd6360ae4af1e171ec67b92e0cf065d59eef19/jill-api-0.10.0.jar
7fb1fc087000-7fb1fc089000 r--s 00003000 ca:01 32235                      /root/.gradle/caches/modules-2/files-2.1/com.android.tools.jack/jack-api/0.11.0/ccda6afebd2b9cf60886c601ea561bba62c35c70/jack-api-0.11.0.jar
7fb1fc089000-7fb1fc08e000 r--s 0004a000 ca:01 32234                      /root/.gradle/caches/modules-2/files-2.1/com.android.tools.ddms/ddmlib/25.2.1/fa5f1c4f025531877a67cf57e42a18c18a0a79db/ddmlib-25.2.1.jar
7fb1fc08e000-7fb1fc091000 r--s 00021000 ca:01 32233                      /root/.gradle/caches/modules-2/files-2.1/com.android.tools.build/manifest-merger/25.2.1/95a20529bb25431cb9a5ebc6e605f8506dab290d/manifest-merger-25.2.1.jar
7fb1fc091000-7fb1fc093000 r--s 0001c000 ca:01 32232                      /root/.gradle/caches/modules-2/files-2.1/com.android.tools/common/25.2.1/826519369e072d312bc34016ba4d9895618a5590/common-25.2.1.jar
7fb1fc093000-7fb1fc09c000 r--s 00083000 ca:01 32231                      /root/.gradle/caches/modules-2/files-2.1/com.android.tools/sdk-common/25.2.1/6f401b4d6cf931ef4ba715879c80dd6d8b153e1a/sdk-common-25.2.1.jar
7fb1fc09c000-7fb1fc0a7000 r--s 0008e000 ca:01 32230                      /root/.gradle/caches/modules-2/files-2.1/com.android.tools/sdklib/25.2.1/bd5f7df7c5343e10f49749dc6649b7a7cd339215/sdklib-25.2.1.jar
7fb1fc0a7000-7fb1fc0a8000 r--s 00002000 ca:01 32229                      /root/.gradle/caches/modules-2/files-2.1/com.android.tools.build/builder-test-api/2.2.1/c0bd6669d9560fbfcad68d7234272a5a707b5d6e/builder-test-api-2.2.1.jar
7fb1fc0a8000-7fb1fc0ab000 r--s 00005000 ca:01 32228                      /root/.gradle/caches/modules-2/files-2.1/com.android.tools.build/builder-model/2.2.1/2bc96fb6480d6707276adea8bd2241e27d01a3a8/builder-model-2.2.1.jar
7fb1fc0ab000-7fb1fc0b5000 r--s 00110000 ca:01 32227                      /root/.gradle/caches/modules-2/files-2.1/org.antlr/antlr/3.5.2/c4a65c950bfc3e7d04309c515b2177c00baf7764/antlr-3.5.2.jar
7fb1fc0b5000-7fb1fc0bd000 r--s 0007b000 ca:01 32226                      /root/.gradle/caches/modules-2/files-2.1/com.google.protobuf/protobuf-java/2.5.0/a10732c76bfacdbd633a7eb0f7968b1059a65dfa/protobuf-java-2.5.0.jar
7fb1fc0bd000-7fb1fc0bf000 r--s 0000f000 ca:01 32225                      /root/.gradle/caches/modules-2/files-2.1/net.sf.jopt-simple/jopt-simple/4.9/ee9e9eaa0a35360dcfeac129ff4923215fd65904/jopt-simple-4.9.jar
7fb1fc0bf000-7fb1fc0c3000 r--s 0001f000 ca:01 32224                      /root/.gradle/caches/modules-2/files-2.1/org.jacoco/org.jacoco.report/0.7.5.201505241946/cb1ac5562a45c98cd7b774452f3e8b867b71cd65/org.jacoco.report-0.7.5.201505241946.jar
7fb1fc0c3000-7fb1fc0c7000 r--s 0001d000 ca:01 32223                      /root/.gradle/caches/modules-2/files-2.1/org.jacoco/org.jacoco.core/0.7.5.201505241946/1ea906dc5201d2a1bc0604f8650534d4bcaf4c95/org.jacoco.core-0.7.5.201505241946.jar
7fb1fc0c7000-7fb1fc0c8000 r--s 00002000 ca:01 32222                      /root/.gradle/caches/modules-2/files-2.1/net.sf.proguard/proguard-gradle/5.2.1/5e9956c050fd84fa043517e77c4c0ff175a6b002/proguard-gradle-5.2.1.jar
7fb1fc0c8000-7fb1fc0ca000 r--s 00009000 ca:01 32221                      /root/.gradle/caches/modules-2/files-2.1/org.ow2.asm/asm-commons/5.0.4/5a556786086c23cd689a0328f8519db93821c04c/asm-commons-5.0.4.jar
7fb1fc0ca000-7fb1fc0cc000 r--s 0000c000 ca:01 32220                      /root/.gradle/caches/modules-2/files-2.1/org.ow2.asm/asm/5.0.4/da08b8cce7bbf903602a25a3a163ae252435795/asm-5.0.4.jar
7fb1fc0cc000-7fb1fc0d0000 r--s 0002b000 ca:01 32219                      /root/.gradle/caches/modules-2/files-2.1/com.android.databinding/compilerCommon/2.2.1/7234776e99a21f40b63958c4408a044eb54d7f95/compilerCommon-2.2.1.jar
7fb1fc0d0000-7fb1fc0d1000 r--s 00002000 ca:01 32218                      /root/.gradle/caches/modules-2/files-2.1/com.android.tools.build/gradle-api/2.2.1/aa5c80e43f5efacb0f44ba236305128abfa16894/gradle-api-2.2.1.jar
7fb1fc0d1000-7fb1fc0d6000 r--s 00053000 ca:01 32216                      /root/.gradle/caches/modules-2/files-2.1/com.android.tools.lint/lint/25.2.1/f44f01afc06948d4bf1e9201b6baaa6dc4b0a830/lint-25.2.1.jar
7fb1fc0d6000-7fb1fc0d9000 ---p 00000000 00:00 0 
7fb1fc0d9000-7fb1fc3d7000 rw-p 00000000 00:00 0                          [stack:6674]
7fb1fc3d7000-7fb1fc451000 r--s 010f6000 ca:01 527662                     /usr/lib/jvm/java-8-oracle/lib/tools.jar
7fb1fc451000-7fb1fc651000 rw-p 00000000 00:00 0 
7fb1fc651000-7fb1fc654000 ---p 00000000 00:00 0 
7fb1fc654000-7fb200752000 rw-p 00000000 00:00 0                          [stack:6670]
7fb200752000-7fb200753000 r--s 00000000 ca:01 32217                      /root/.gradle/caches/modules-2/files-2.1/com.android.tools.build/transform-api/2.0.0-deprecated-use-gradle-api/85bee1acea9e27152b920746c68133b30b11431/transform-api-2.0.0-deprecated-use-gradle-api.jar
7fb200753000-7fb20076a000 r--s 0015d000 ca:01 32215                      /root/.gradle/caches/modules-2/files-2.1/com.android.tools.build/builder/2.2.1/5b7004f341a3d058fd0d082b149123b4831b86b0/builder-2.2.1.jar
7fb20076a000-7fb200786000 r--s 0019d000 ca:01 32214                      /root/.gradle/caches/modules-2/files-2.1/com.android.tools.build/gradle-core/2.2.1/feed4dc61b34c08999c1338f1874fd78f95650bd/gradle-core-2.2.1.jar
7fb200786000-7fb200788000 r--s 00003000 ca:01 32213                      /root/.gradle/caches/modules-2/files-2.1/com.google.gms/google-services/1.5.0-beta2/63edee785bc4c07be20e5c0b6d89c5a46e80d4d4/google-services-1.5.0-beta2.jar
7fb200788000-7fb20078a000 r--s 0000d000 ca:01 32212                      /root/.gradle/caches/modules-2/files-2.1/com.android.tools.build/gradle/2.2.1/a3efd0e2aa62dc14d25c43d40f8612c18445b07c/gradle-2.2.1.jar
7fb20078a000-7fb20078d000 ---p 00000000 00:00 0 
7fb20078d000-7fb2007c3000 rw-p 00000000 00:00 0                          [stack:6673]
7fb2007c3000-7fb2007c4000 r--p 00000000 00:00 0 
7fb2007c4000-7fb2007c7000 ---p 00000000 00:00 0 
7fb2007c7000-7fb2008c5000 rw-p 00000000 00:00 0                          [stack:6669]
7fb2008c5000-7fb2008c8000 ---p 00000000 00:00 0 
7fb2008c8000-7fb2009c6000 rw-p 00000000 00:00 0                          [stack:6667]
7fb2009c6000-7fb2009c9000 ---p 00000000 00:00 0 
7fb2009c9000-7fb200cc7000 rw-p 00000000 00:00 0                          [stack:6666]
7fb200cc7000-7fb200cca000 ---p 00000000 00:00 0 
7fb200cca000-7fb200dc8000 rw-p 00000000 00:00 0                          [stack:6665]
7fb200dc8000-7fb200dcb000 ---p 00000000 00:00 0 
7fb200dcb000-7fb200ec9000 rw-p 00000000 00:00 0                          [stack:6664]
7fb200ec9000-7fb200ed0000 r--s 00000000 ca:01 29858                      /usr/lib/x86_64-linux-gnu/gconv/gconv-modules.cache
7fb200ed0000-7fb2010d0000 rw-p 00000000 00:00 0 
7fb2010d0000-7fb2010d3000 ---p 00000000 00:00 0 
7fb2010d3000-7fb2011d1000 rw-p 00000000 00:00 0                          [stack:6663]
7fb2011d1000-7fb2011d4000 ---p 00000000 00:00 0 
7fb2011d4000-7fb2012d2000 rw-p 00000000 00:00 0                          [stack:6662]
7fb2012d2000-7fb2012db000 r-xp 00000000 ca:01 527751                     /usr/lib/jvm/java-8-oracle/jre/lib/amd64/libmanagement.so
7fb2012db000-7fb2014da000 ---p 00009000 ca:01 527751                     /usr/lib/jvm/java-8-oracle/jre/lib/amd64/libmanagement.so
7fb2014da000-7fb2014db000 rw-p 00008000 ca:01 527751                     /usr/lib/jvm/java-8-oracle/jre/lib/amd64/libmanagement.so
7fb2014db000-7fb2014dd000 r--s 00006000 ca:01 788805                     /usr/lib/gradle/3.1/lib/plugins/gradle-tooling-api-builders-3.1.jar
7fb2014dd000-7fb2014e0000 r--s 00008000 ca:01 788830                     /usr/lib/gradle/3.1/lib/plugins/gradle-testing-native-3.1.jar
7fb2014e0000-7fb2014e2000 r--s 00009000 ca:01 788843                     /usr/lib/gradle/3.1/lib/plugins/hamcrest-core-1.3.jar
7fb2014e2000-7fb2014e8000 r--s 00033000 ca:01 788767                     /usr/lib/gradle/3.1/lib/plugins/snakeyaml-1.6.jar
7fb2014e8000-7fb2014ea000 r--s 00006000 ca:01 788809                     /usr/lib/gradle/3.1/lib/plugins/jcommander-1.12.jar
7fb2014ea000-7fb2014ef000 r--s 00040000 ca:01 788779                     /usr/lib/gradle/3.1/lib/plugins/bsh-2.0b4.jar
7fb2014ef000-7fb2014f8000 r--s 00089000 ca:01 788816                     /usr/lib/gradle/3.1/lib/plugins/testng-6.3.1.jar
7fb2014f8000-7fb201500000 r--s 00045000 ca:01 788859                     /usr/lib/gradle/3.1/lib/plugins/junit-4.12.jar
7fb201500000-7fb201506000 r--s 0002e000 ca:01 788790                     /usr/lib/gradle/3.1/lib/plugins/gradle-testing-jvm-3.1.jar
7fb201506000-7fb20150a000 r--s 00016000 ca:01 788861                     /usr/lib/gradle/3.1/lib/plugins/gradle-testing-base-3.1.jar
7fb20150a000-7fb20150b000 r--s 00001000 ca:01 788841                     /usr/lib/gradle/3.1/lib/plugins/gradle-task-cache-http-3.1.jar
7fb20150b000-7fb201512000 r--s 00038000 ca:01 788839                     /usr/lib/gradle/3.1/lib/plugins/bcpg-jdk15on-1.51.jar
7fb201512000-7fb201514000 r--s 0000c000 ca:01 788788                     /usr/lib/gradle/3.1/lib/plugins/gradle-signing-3.1.jar
7fb201514000-7fb201516000 r--s 00007000 ca:01 788770                     /usr/lib/gradle/3.1/lib/plugins/gradle-scala-3.1.jar
7fb201516000-7fb201517000 r--s 00004000 ca:01 788855                     /usr/lib/gradle/3.1/lib/plugins/gradle-resources-sftp-3.1.jar
7fb201517000-7fb201527000 r--s 00088000 ca:01 788806                     /usr/lib/gradle/3.1/lib/plugins/joda-time-2.8.2.jar
7fb201527000-7fb201538000 r--s 0010d000 ca:01 788797                     /usr/lib/gradle/3.1/lib/plugins/jackson-databind-2.6.6.jar
7fb201538000-7fb20153b000 r--s 00009000 ca:01 788772                     /usr/lib/gradle/3.1/lib/plugins/jackson-annotations-2.6.6.jar
7fb20153b000-7fb20153f000 r--s 0003c000 ca:01 788827                     /usr/lib/gradle/3.1/lib/plugins/jackson-core-2.6.6.jar
7fb20153f000-7fb20154d000 r--s 00087000 ca:01 788780                     /usr/lib/gradle/3.1/lib/plugins/aws-java-sdk-core-1.11.6.jar
7fb20154d000-7fb201554000 r--s 00057000 ca:01 788795                     /usr/lib/gradle/3.1/lib/plugins/aws-java-sdk-kms-1.11.6.jar
7fb201554000-7fb201561000 r--s 0008e000 ca:01 788776                     /usr/lib/gradle/3.1/lib/plugins/aws-java-sdk-s3-1.11.6.jar
7fb201561000-7fb201562000 r--s 00004000 ca:01 788845                     /usr/lib/gradle/3.1/lib/plugins/gradle-resources-s3-3.1.jar
7fb201562000-7fb201564000 r--s 00005000 ca:01 788840                     /usr/lib/gradle/3.1/lib/plugins/jatl-0.2.2.jar
7fb201564000-7fb201566000 r--s 0000f000 ca:01 788858                     /usr/lib/gradle/3.1/lib/plugins/gradle-reporting-3.1.jar
7fb201566000-7fb201568000 r--s 00002000 ca:01 788808                     /usr/lib/gradle/3.1/lib/plugins/gradle-publish-3.1.jar
7fb201568000-7fb20156a000 r--s 00009000 ca:01 788844                     /usr/lib/gradle/3.1/lib/plugins/commons-cli-1.2.jar
7fb20156a000-7fb20156f000 r--s 00031000 ca:01 788818                     /usr/lib/gradle/3.1/lib/plugins/gradle-plugins-3.1.jar
7fb20156f000-7fb201571000 r--s 00009000 ca:01 788777                     /usr/lib/gradle/3.1/lib/plugins/gradle-plugin-development-3.1.jar
7fb201571000-7fb201577000 r--s 0002b000 ca:01 788862                     /usr/lib/gradle/3.1/lib/plugins/gradle-platform-play-3.1.jar
7fb201577000-7fb201584000 r--s 0004e000 ca:01 788774                     /usr/lib/gradle/3.1/lib/plugins/gradle-platform-native-3.1.jar
7fb201584000-7fb201589000 r--s 0001f000 ca:01 788785                     /usr/lib/gradle/3.1/lib/plugins/gradle-platform-jvm-3.1.jar
7fb201589000-7fb201590000 r--s 00025000 ca:01 788765                     /usr/lib/gradle/3.1/lib/plugins/gradle-platform-base-3.1.jar
7fb201590000-7fb2015b8000 r--s 0021c000 ca:01 788791                     /usr/lib/gradle/3.1/lib/plugins/biz.aQute.bndlib-3.2.0.jar
7fb2015b8000-7fb2015ba000 r--s 00003000 ca:01 788871                     /usr/lib/gradle/3.1/lib/plugins/gradle-osgi-3.1.jar
7fb2015ba000-7fb2015bd000 r--s 0000c000 ca:01 788834                     /usr/lib/gradle/3.1/lib/plugins/pmaven-groovy-0.8-20100325.jar
7fb2015bd000-7fb2015be000 r--s 00004000 ca:01 788842                     /usr/lib/gradle/3.1/lib/plugins/pmaven-common-0.8-20100325.jar
7fb2015be000-7fb2015c4000 r--s 00023000 ca:01 788835                     /usr/lib/gradle/3.1/lib/plugins/gradle-maven-3.1.jar
7fb2015c4000-7fb2015c7000 r--s 0000a000 ca:01 788763                     /usr/lib/gradle/3.1/lib/plugins/gradle-language-scala-3.1.jar
7fb2015c7000-7fb2015cd000 r--s 0001b000 ca:01 788870                     /usr/lib/gradle/3.1/lib/plugins/gradle-language-native-3.1.jar
7fb2015cd000-7fb2015cf000 r--s 00008000 ca:01 788817                     /usr/lib/gradle/3.1/lib/plugins/gradle-language-jvm-3.1.jar
7fb2015cf000-7fb2015d6000 r--s 00025000 ca:01 788873                     /usr/lib/gradle/3.1/lib/plugins/gradle-language-java-3.1.jar
7fb2015d6000-7fb2015d8000 r--s 0000a000 ca:01 788801                     /usr/lib/gradle/3.1/lib/plugins/gradle-language-groovy-3.1.jar
7fb2015d8000-7fb2015db000 r--s 0001e000 ca:01 788781                     /usr/lib/gradle/3.1/lib/plugins/jsp-api-2.1-6.1.14.jar
7fb2015db000-7fb2015fe000 r--s 00344000 ca:01 788764                     /usr/lib/gradle/3.1/lib/plugins/core-3.1.1.jar
7fb2015fe000-7fb2015ff000 r--s 00006000 ca:01 788832                     /usr/lib/gradle/3.1/lib/plugins/jetty-naming-6.1.25.jar
7fb2015ff000-7fb201600000 r--s 00002000 ca:01 788762                     /usr/lib/gradle/3.1/lib/plugins/geronimo-annotation_1.0_spec-1.0.jar
7fb201600000-7fb201602000 r--s 00002000 ca:01 788793                     /usr/lib/gradle/3.1/lib/plugins/jetty-annotations-6.1.25.jar
7fb201602000-7fb201613000 r--s 000ea000 ca:01 788773                     /usr/lib/gradle/3.1/lib/plugins/jsp-2.1-6.1.14.jar
7fb201613000-7fb201615000 r--s 0000d000 ca:01 788854                     /usr/lib/gradle/3.1/lib/plugins/jetty-plus-6.1.25.jar
7fb201615000-7fb201617000 r--s 0001f000 ca:01 788824                     /usr/lib/gradle/3.1/lib/plugins/servlet-api-2.5-20081211.jar
7fb201617000-7fb20161b000 r--s 00028000 ca:01 788799                     /usr/lib/gradle/3.1/lib/plugins/jetty-util-6.1.25.jar
7fb20161b000-7fb201622000 r--s 0007d000 ca:01 788782                     /usr/lib/gradle/3.1/lib/plugins/jetty-6.1.25.jar
7fb201622000-7fb201624000 r--s 0000a000 ca:01 788819                     /usr/lib/gradle/3.1/lib/plugins/gradle-jetty-3.1.jar
7fb201624000-7fb20162b000 r--s 00035000 ca:01 788837                     /usr/lib/gradle/3.1/lib/plugins/simple-4.1.21.jar
7fb20162b000-7fb201637000 r--s 00100000 ca:01 788766                     /usr/lib/gradle/3.1/lib/plugins/rhino-1.7R3.jar
7fb201637000-7fb20163b000 r--s 00012000 ca:01 788825                     /usr/lib/gradle/3.1/lib/plugins/gradle-javascript-3.1.jar
7fb20163b000-7fb20163d000 r--s 0000c000 ca:01 788865                     /usr/lib/gradle/3.1/lib/plugins/gradle-jacoco-3.1.jar
7fb20163d000-7fb201640000 r--s 0000e000 ca:01 788857                     /usr/lib/gradle/3.1/lib/plugins/gradle-ivy-3.1.jar
7fb201640000-7fb201641000 r--s 00002000 ca:01 788794                     /usr/lib/gradle/3.1/lib/plugins/gradle-ide-play-3.1.jar
7fb201641000-7fb201644000 r--s 00013000 ca:01 788786                     /usr/lib/gradle/3.1/lib/plugins/gradle-ide-native-3.1.jar
7fb201644000-7fb20164e000 r--s 00054000 ca:01 788849                     /usr/lib/gradle/3.1/lib/plugins/gradle-ide-3.1.jar
7fb20164e000-7fb201650000 r--s 00007000 ca:01 788872                     /usr/lib/gradle/3.1/lib/plugins/gradle-ear-3.1.jar
7fb201650000-7fb201656000 r--s 00033000 ca:01 788789                     /usr/lib/gradle/3.1/lib/plugins/gradle-diagnostics-3.1.jar
7fb201656000-7fb201658000 r--s 00008000 ca:01 788838                     /usr/lib/gradle/3.1/lib/plugins/gradle-composite-builds-3.1.jar
7fb201658000-7fb20165c000 r--s 00023000 ca:01 788867                     /usr/lib/gradle/3.1/lib/plugins/gradle-code-quality-3.1.jar
7fb20165c000-7fb201660000 r--s 00020000 ca:01 788784                     /usr/lib/gradle/3.1/lib/plugins/gradle-build-init-3.1.jar
7fb201660000-7fb201666000 r--s 0008e000 ca:01 788851                     /usr/lib/gradle/3.1/lib/plugins/gradle-build-comparison-3.1.jar
7fb201666000-7fb201668000 r--s 00008000 ca:01 788769                     /usr/lib/gradle/3.1/lib/plugins/gradle-antlr-3.1.jar
7fb201668000-7fb20166a000 r--s 00004000 ca:01 788831                     /usr/lib/gradle/3.1/lib/plugins/gradle-announce-3.1.jar
7fb20166a000-7fb201682000 r--s 00115000 ca:01 788864                     /usr/lib/gradle/3.1/lib/plugins/xercesImpl-2.9.1.jar
7fb201682000-7fb20168a000 r--s 00028000 ca:01 788836                     /usr/lib/gradle/3.1/lib/plugins/xml-apis-1.3.04.jar
7fb20168a000-7fb201690000 r--s 0005b000 ca:01 788826                     /usr/lib/gradle/3.1/lib/plugins/jcifs-1.3.17.jar
7fb201690000-7fb201697000 r--s 00049000 ca:01 788792                     /usr/lib/gradle/3.1/lib/plugins/httpcore-4.4.4.jar
7fb201697000-7fb20169d000 r--s 00033000 ca:01 788821                     /usr/lib/gradle/3.1/lib/plugins/commons-codec-1.6.jar
7fb20169d000-7fb2016a0000 r--s 0001c000 ca:01 788771                     /usr/lib/gradle/3.1/lib/plugins/nekohtml-1.9.14.jar
7fb2016a0000-7fb2016ad000 r--s 000a4000 ca:01 788796                     /usr/lib/gradle/3.1/lib/plugins/httpclient-4.4.1.jar
7fb2016ad000-7fb2016b0000 r--s 0000a000 ca:01 788853                     /usr/lib/gradle/3.1/lib/plugins/gradle-resources-http-3.1.jar
7fb2016b0000-7fb2016b4000 r--s 00015000 ca:01 788815                     /usr/lib/gradle/3.1/lib/plugins/gradle-plugin-use-3.1.jar
7fb2016b4000-7fb2016b5000 r--s 00000000 ca:01 788741                     /usr/lib/gradle/3.1/lib/gradle-installation-beacon-3.1.jar
7fb2016b5000-7fb2016b6000 r--s 00007000 ca:01 788802                     /usr/lib/gradle/3.1/lib/plugins/wagon-http-shared4-2.4.jar
7fb2016b6000-7fb2016ba000 r--s 00033000 ca:01 788787                     /usr/lib/gradle/3.1/lib/plugins/plexus-utils-2.0.6.jar
7fb2016ba000-7fb2016be000 r--s 00021000 ca:01 788856                     /usr/lib/gradle/3.1/lib/plugins/maven-model-builder-3.0.4.jar
7fb2016be000-7fb2016bf000 r--s 00002000 ca:01 788800                     /usr/lib/gradle/3.1/lib/plugins/wagon-file-2.4.jar
7fb2016bf000-7fb2016c1000 r--s 00002000 ca:01 788804                     /usr/lib/gradle/3.1/lib/plugins/plexus-cipher-1.7.jar
7fb2016c1000-7fb2016c4000 r--s 00013000 ca:01 788869                     /usr/lib/gradle/3.1/lib/plugins/aether-api-1.13.1.jar
7fb2016c4000-7fb2016c6000 r--s 0000a000 ca:01 788848                     /usr/lib/gradle/3.1/lib/plugins/maven-settings-3.0.4.jar
7fb2016c6000-7fb2016c8000 r--s 0000d000 ca:01 788829                     /usr/lib/gradle/3.1/lib/plugins/plexus-interpolation-1.14.jar
7fb2016c8000-7fb2016ca000 r--s 0000b000 ca:01 788814                     /usr/lib/gradle/3.1/lib/plugins/maven-artifact-3.0.4.jar
7fb2016ca000-7fb2016d1000 r--s 0002e000 ca:01 788847                     /usr/lib/gradle/3.1/lib/plugins/plexus-container-default-1.5.5.jar
7fb2016d1000-7fb2016d3000 r--s 0000b000 ca:01 788811                     /usr/lib/gradle/3.1/lib/plugins/maven-plugin-api-3.0.4.jar
7fb2016d3000-7fb2016d5000 r--s 00000000 ca:01 788833                     /usr/lib/gradle/3.1/lib/plugins/plexus-component-annotations-1.5.5.jar
7fb2016d5000-7fb2016db000 r--s 0003f000 ca:01 788778                     /usr/lib/gradle/3.1/lib/plugins/maven-compat-3.0.4.jar
7fb2016db000-7fb2016de000 r--s 00008000 ca:01 788810                     /usr/lib/gradle/3.1/lib/plugins/maven-settings-builder-3.0.4.jar
7fb2016de000-7fb2016e0000 r--s 00026000 ca:01 788868                     /usr/lib/gradle/3.1/lib/plugins/maven-model-3.0.4.jar
7fb2016e0000-7fb2016e2000 r--s 00006000 ca:01 788807                     /usr/lib/gradle/3.1/lib/plugins/aether-connector-wagon-1.13.1.jar
7fb2016e2000-7fb2016e4000 r--s 0000a000 ca:01 788783                     /usr/lib/gradle/3.1/lib/plugins/plexus-classworlds-2.4.jar
7fb2016e4000-7fb2016e6000 r--s 00006000 ca:01 788803                     /usr/lib/gradle/3.1/lib/plugins/maven-repository-metadata-3.0.4.jar
7fb2016e6000-7fb2016e8000 r--s 0000c000 ca:01 788863                     /usr/lib/gradle/3.1/lib/plugins/maven-aether-provider-3.0.4.jar
7fb2016e8000-7fb2016ea000 r--s 0000b000 ca:01 788823                     /usr/lib/gradle/3.1/lib/plugins/wagon-provider-api-2.4.jar
7fb2016ea000-7fb2016ee000 r--s 0001c000 ca:01 788852                     /usr/lib/gradle/3.1/lib/plugins/aether-util-1.13.1.jar
7fb2016ee000-7fb2016f1000 r--s 0001d000 ca:01 788768                     /usr/lib/gradle/3.1/lib/plugins/aether-impl-1.13.1.jar
7fb2016f1000-7fb2016f6000 r--s 00040000 ca:01 788860                     /usr/lib/gradle/3.1/lib/plugins/jsch-0.1.53.jar
7fb2016f6000-7fb201736000 r--s 00277000 ca:01 788822                     /usr/lib/gradle/3.1/lib/plugins/bcprov-jdk15on-1.51.jar
7fb201736000-7fb20173a000 r--s 0001d000 ca:01 788820                     /usr/lib/gradle/3.1/lib/plugins/xbean-reflect-3.4.jar
7fb20173a000-7fb201746000 r--s 0007d000 ca:01 788812                     /usr/lib/gradle/3.1/lib/plugins/maven-core-3.0.4.jar
7fb201746000-7fb20174b000 r--s 00034000 ca:01 788866                     /usr/lib/gradle/3.1/lib/plugins/gson-2.7.jar
7fb20174b000-7fb20175a000 r--s 000d9000 ca:01 788813                     /usr/lib/gradle/3.1/lib/plugins/ivy-2.2.0.jar
7fb20175a000-7fb201777000 r--s 000e0000 ca:01 788798                     /usr/lib/gradle/3.1/lib/plugins/gradle-dependency-management-3.1.jar
7fb201777000-7fb20178d000 r-xp 00000000 ca:01 396069                     /lib/x86_64-linux-gnu/libgcc_s.so.1
7fb20178d000-7fb20198c000 ---p 00016000 ca:01 396069                     /lib/x86_64-linux-gnu/libgcc_s.so.1
7fb20198c000-7fb20198d000 rw-p 00015000 ca:01 396069                     /lib/x86_64-linux-gnu/libgcc_s.so.1
7fb20198d000-7fb201a73000 r-xp 00000000 ca:01 8143                       /usr/lib/x86_64-linux-gnu/libstdc++.so.6.0.19
7fb201a73000-7fb201c72000 ---p 000e6000 ca:01 8143                       /usr/lib/x86_64-linux-gnu/libstdc++.so.6.0.19
7fb201c72000-7fb201c7a000 r--p 000e5000 ca:01 8143                       /usr/lib/x86_64-linux-gnu/libstdc++.so.6.0.19
7fb201c7a000-7fb201c7c000 rw-p 000ed000 ca:01 8143                       /usr/lib/x86_64-linux-gnu/libstdc++.so.6.0.19
7fb201c7c000-7fb201c91000 rw-p 00000000 00:00 0 
7fb201c91000-7fb201c92000 r--s 00002000 ca:01 788846                     /usr/lib/gradle/3.1/lib/plugins/wagon-http-2.4.jar
7fb201c92000-7fb201c93000 r--s 00003000 ca:01 788775                     /usr/lib/gradle/3.1/lib/plugins/aether-spi-1.13.1.jar
7fb201c93000-7fb201c94000 r--s 00006000 ca:01 788828                     /usr/lib/gradle/3.1/lib/plugins/plexus-sec-dispatcher-1.3.jar
7fb201c94000-7fb201c98000 r--s 0009a000 ca:01 527821                     /usr/lib/jvm/java-8-oracle/jre/lib/jsse.jar
7fb201c98000-7fb201c9d000 r-xp 00000000 ca:01 528934                     /root/.gradle/native/21/linux-amd64/libnative-platform.so
7fb201c9d000-7fb201e9c000 ---p 00005000 ca:01 528934                     /root/.gradle/native/21/linux-amd64/libnative-platform.so
7fb201e9c000-7fb201e9d000 rw-p 00004000 ca:01 528934                     /root/.gradle/native/21/linux-amd64/libnative-platform.so
7fb201e9d000-7fb201eae000 r-xp 00000000 ca:01 527741                     /usr/lib/jvm/java-8-oracle/jre/lib/amd64/libnio.so
7fb201eae000-7fb2020ad000 ---p 00011000 ca:01 527741                     /usr/lib/jvm/java-8-oracle/jre/lib/amd64/libnio.so
7fb2020ad000-7fb2020ae000 rw-p 00010000 ca:01 527741                     /usr/lib/jvm/java-8-oracle/jre/lib/amd64/libnio.so
7fb2020ae000-7fb2020c4000 r-xp 00000000 ca:01 527777                     /usr/lib/jvm/java-8-oracle/jre/lib/amd64/libnet.so
7fb2020c4000-7fb2022c4000 ---p 00016000 ca:01 527777                     /usr/lib/jvm/java-8-oracle/jre/lib/amd64/libnet.so
7fb2022c4000-7fb2022c5000 rw-p 00016000 ca:01 527777                     /usr/lib/jvm/java-8-oracle/jre/lib/amd64/libnet.so
7fb2022c5000-7fb2022c7000 r--s 00005000 ca:01 788737                     /usr/lib/gradle/3.1/lib/gradle-wrapper-3.1.jar
7fb2022c7000-7fb2022d4000 r--s 00041000 ca:01 788884                     /usr/lib/gradle/3.1/lib/gradle-tooling-api-3.1.jar
7fb2022d4000-7fb2022d6000 r--s 00002000 ca:01 788897                     /usr/lib/gradle/3.1/lib/gradle-open-api-3.1.jar
7fb2022d6000-7fb2022dc000 r--s 00032000 ca:01 788878                     /usr/lib/gradle/3.1/lib/jaxen-1.1.jar
7fb2022dc000-7fb2022e1000 r--s 00048000 ca:01 788749                     /usr/lib/gradle/3.1/lib/dom4j-1.6.1.jar
7fb2022e1000-7fb2022ec000 r--s 00059000 ca:01 788750                     /usr/lib/gradle/3.1/lib/gradle-ui-3.1.jar
7fb2022ec000-7fb2022f5000 r--s 00086000 ca:01 788889                     /usr/lib/gradle/3.1/lib/kotlin-stdlib-1.1.0-dev-2053.jar
7fb2022f5000-7fb2022fb000 r--s 00027000 ca:01 788756                     /usr/lib/gradle/3.1/lib/kotlin-runtime-1.1.0-dev-2053.jar
7fb2022fb000-7fb20232d000 r--s 00241000 ca:01 788738                     /usr/lib/gradle/3.1/lib/kotlin-reflect-1.1.0-dev-2053.jar
7fb20232d000-7fb2024ba000 r--s 014fa000 ca:01 788743                     /usr/lib/gradle/3.1/lib/kotlin-compiler-embeddable-1.1.0-dev-2053.jar
7fb2024ba000-7fb2024c1000 r--s 00043000 ca:01 788899                     /usr/lib/gradle/3.1/lib/gradle-script-kotlin-0.3.2.jar
7fb2024c1000-7fb2024c4000 r--s 0000b000 ca:01 788744                     /usr/lib/gradle/3.1/lib/gradle-resources-3.1.jar
7fb2024c4000-7fb2024c6000 r--s 00003000 ca:01 788888                     /usr/lib/gradle/3.1/lib/jcl-over-slf4j-1.7.10.jar
7fb2024c6000-7fb2024c7000 r--s 00005000 ca:01 788895                     /usr/lib/gradle/3.1/lib/log4j-over-slf4j-1.7.10.jar
7fb2024c7000-7fb2024c9000 r--s 00000000 ca:01 788742                     /usr/lib/gradle/3.1/lib/jul-to-slf4j-1.7.10.jar
7fb2024c9000-7fb2024ce000 r--s 0001b000 ca:01 788757                     /usr/lib/gradle/3.1/lib/gradle-logging-3.1.jar
7fb2024ce000-7fb2024d0000 r--s 00007000 ca:01 788751                     /usr/lib/gradle/3.1/lib/objenesis-1.2.jar
7fb2024d0000-7fb2024d2000 r--s 00000000 ca:01 788902                     /usr/lib/gradle/3.1/lib/minlog-1.2.jar
7fb2024d2000-7fb2024d4000 r--s 0000f000 ca:01 788758                     /usr/lib/gradle/3.1/lib/reflectasm-1.07-shaded.jar
7fb2024d4000-7fb2024d8000 r--s 00026000 ca:01 788747                     /usr/lib/gradle/3.1/lib/kryo-2.20.jar
7fb2024d8000-7fb2024de000 r--s 00025000 ca:01 788882                     /usr/lib/gradle/3.1/lib/gradle-messaging-3.1.jar
7fb2024de000-7fb2024df000 r--s 00003000 ca:01 788755                     /usr/lib/gradle/3.1/lib/native-platform-freebsd-amd64-0.11.jar
7fb2024df000-7fb2024e0000 r--s 00003000 ca:01 788746                     /usr/lib/gradle/3.1/lib/native-platform-freebsd-i386-0.11.jar
7fb2024e0000-7fb2024e1000 r--s 0000b000 ca:01 788903                     /usr/lib/gradle/3.1/lib/native-platform-windows-i386-0.11.jar
7fb2024e1000-7fb2024e2000 r--s 0000b000 ca:01 788898                     /usr/lib/gradle/3.1/lib/native-platform-windows-amd64-0.11.jar
7fb2024e2000-7fb2024e4000 r--s 00003000 ca:01 788891                     /usr/lib/gradle/3.1/lib/native-platform-linux-i386-0.11.jar
7fb2024e4000-7fb2024e5000 r--s 00004000 ca:01 788754                     /usr/lib/gradle/3.1/lib/native-platform-linux-amd64-0.11.jar
7fb2024e5000-7fb2024e8000 r--s 00023000 ca:01 788740                     /usr/lib/gradle/3.1/lib/jansi-1.13.jar
7fb2024e8000-7fb2024f6000 r--s 0007f000 ca:01 788760                     /usr/lib/gradle/3.1/lib/gradle-model-core-3.1.jar
7fb2024f6000-7fb202566000 r--s 00641000 ca:01 788874                     /usr/lib/gradle/3.1/lib/groovy-all-2.4.7.jar
7fb202566000-7fb202567000 ---p 00000000 00:00 0 
7fb202567000-7fb202667000 rw-p 00000000 00:00 0                          [stack:6661]
7fb202667000-7fb20266a000 ---p 00000000 00:00 0 
7fb20266a000-7fb202768000 rw-p 00000000 00:00 0                          [stack:6660]
7fb202768000-7fb20276b000 ---p 00000000 00:00 0 
7fb20276b000-7fb202869000 rw-p 00000000 00:00 0                          [stack:6659]
7fb202869000-7fb20286c000 ---p 00000000 00:00 0 
7fb20286c000-7fb20296a000 rw-p 00000000 00:00 0                          [stack:6658]
7fb20296a000-7fb20296d000 ---p 00000000 00:00 0 
7fb20296d000-7fb202a6b000 rw-p 00000000 00:00 0                          [stack:6657]
7fb202a6b000-7fb202bf4000 r--p 00000000 ca:01 1577                       /usr/lib/locale/locale-archive
7fb202bf4000-7fb202bf7000 ---p 00000000 00:00 0 
7fb202bf7000-7fb202cf5000 rw-p 00000000 00:00 0                          [stack:6656]
7fb202cf5000-7fb202cf8000 ---p 00000000 00:00 0 
7fb202cf8000-7fb202df6000 rw-p 00000000 00:00 0                          [stack:6655]
7fb202df6000-7fb202df7000 ---p 00000000 00:00 0 
7fb202df7000-7fb204000000 rw-p 00000000 00:00 0                          [stack:6654]
7fb204000000-7fb20403b000 rw-p 00000000 00:00 0 
7fb20403b000-7fb208000000 ---p 00000000 00:00 0 
7fb208000000-7fb208004000 r--s 0000f000 ca:01 788885                     /usr/lib/gradle/3.1/lib/native-platform-0.11.jar
7fb208004000-7fb208007000 r--s 00008000 ca:01 788900                     /usr/lib/gradle/3.1/lib/gradle-native-3.1.jar
7fb208007000-7fb208014000 r--s 00083000 ca:01 788879                     /usr/lib/gradle/3.1/lib/commons-collections-3.2.2.jar
7fb208014000-7fb20803c000 r--s 001cf000 ca:01 788887                     /usr/lib/gradle/3.1/lib/guava-jdk5-17.0.jar
7fb20803c000-7fb20805b000 r--s 001d1000 ca:01 788875                     /usr/lib/gradle/3.1/lib/ant-1.9.6.jar
7fb20805b000-7fb208093000 r--s 001ce000 ca:01 788748                     /usr/lib/gradle/3.1/lib/gradle-core-3.1.jar
7fb208093000-7fb208103000 rw-p 00000000 00:00 0 
7fb208103000-7fb2082dc000 r--s 03d3e000 ca:01 527846                     /usr/lib/jvm/java-8-oracle/jre/lib/rt.jar
7fb2082dc000-7fb208752000 rw-p 00000000 00:00 0 
7fb208752000-7fb208753000 ---p 00000000 00:00 0 
7fb208753000-7fb208853000 rw-p 00000000 00:00 0                          [stack:6653]
7fb208853000-7fb208854000 ---p 00000000 00:00 0 
7fb208854000-7fb208991000 rw-p 00000000 00:00 0                          [stack:6652]
7fb208991000-7fb208bff000 ---p 00000000 00:00 0 
7fb208bff000-7fb208c3c000 rw-p 00000000 00:00 0 
7fb208c3c000-7fb208ea9000 ---p 00000000 00:00 0 
7fb208ea9000-7fb208f52000 rw-p 00000000 00:00 0 
7fb208f52000-7fb208fff000 ---p 00000000 00:00 0 
7fb208fff000-7fb209000000 rw-p 00000000 00:00 0 
7fb209000000-7fb20a5e0000 rwxp 00000000 00:00 0 
7fb20a5e0000-7fb218000000 ---p 00000000 00:00 0 
7fb218000000-7fb218d20000 rw-p 00000000 00:00 0 
7fb218d20000-7fb21c000000 ---p 00000000 00:00 0 
7fb21c000000-7fb21c001000 r--s 00002000 ca:01 788883                     /usr/lib/gradle/3.1/lib/native-platform-osx-amd64-0.11.jar
7fb21c001000-7fb21c002000 r--s 00002000 ca:01 788739                     /usr/lib/gradle/3.1/lib/native-platform-osx-i386-0.11.jar
7fb21c002000-7fb21c004000 r--s 00005000 ca:01 788877                     /usr/lib/gradle/3.1/lib/gradle-cli-3.1.jar
7fb21c004000-7fb21c006000 r--s 00007000 ca:01 788886                     /usr/lib/gradle/3.1/lib/gradle-model-groovy-3.1.jar
7fb21c006000-7fb21c008000 r--s 00006000 ca:01 788876                     /usr/lib/gradle/3.1/lib/gradle-base-services-groovy-3.1.jar
7fb21c008000-7fb21c00c000 r--s 00027000 ca:01 788890                     /usr/lib/gradle/3.1/lib/commons-io-2.2.jar
7fb21c00c000-7fb21c011000 r--s 00038000 ca:01 788896                     /usr/lib/gradle/3.1/lib/asm-all-5.1.jar
7fb21c011000-7fb21c08a000 rw-p 00000000 00:00 0 
7fb21c08a000-7fb21c3f2000 ---p 00000000 00:00 0 
7fb21c3f2000-7fb21c40c000 r-xp 00000000 ca:01 527785                     /usr/lib/jvm/java-8-oracle/jre/lib/amd64/libzip.so
7fb21c40c000-7fb21c60c000 ---p 0001a000 ca:01 527785                     /usr/lib/jvm/java-8-oracle/jre/lib/amd64/libzip.so
7fb21c60c000-7fb21c60d000 rw-p 0001a000 ca:01 527785                     /usr/lib/jvm/java-8-oracle/jre/lib/amd64/libzip.so
7fb21c60d000-7fb21c617000 r-xp 00000000 ca:01 397636                     /lib/x86_64-linux-gnu/libnss_files-2.19.so
7fb21c617000-7fb21c816000 ---p 0000a000 ca:01 397636                     /lib/x86_64-linux-gnu/libnss_files-2.19.so
7fb21c816000-7fb21c817000 r--p 00009000 ca:01 397636                     /lib/x86_64-linux-gnu/libnss_files-2.19.so
7fb21c817000-7fb21c818000 rw-p 0000a000 ca:01 397636                     /lib/x86_64-linux-gnu/libnss_files-2.19.so
7fb21c818000-7fb21c823000 r-xp 00000000 ca:01 397621                     /lib/x86_64-linux-gnu/libnss_nis-2.19.so
7fb21c823000-7fb21ca22000 ---p 0000b000 ca:01 397621                     /lib/x86_64-linux-gnu/libnss_nis-2.19.so
7fb21ca22000-7fb21ca23000 r--p 0000a000 ca:01 397621                     /lib/x86_64-linux-gnu/libnss_nis-2.19.so
7fb21ca23000-7fb21ca24000 rw-p 0000b000 ca:01 397621                     /lib/x86_64-linux-gnu/libnss_nis-2.19.so
7fb21ca24000-7fb21ca3b000 r-xp 00000000 ca:01 397630                     /lib/x86_64-linux-gnu/libnsl-2.19.so
7fb21ca3b000-7fb21cc3a000 ---p 00017000 ca:01 397630                     /lib/x86_64-linux-gnu/libnsl-2.19.so
7fb21cc3a000-7fb21cc3b000 r--p 00016000 ca:01 397630                     /lib/x86_64-linux-gnu/libnsl-2.19.so
7fb21cc3b000-7fb21cc3c000 rw-p 00017000 ca:01 397630                     /lib/x86_64-linux-gnu/libnsl-2.19.so
7fb21cc3c000-7fb21cc3e000 rw-p 00000000 00:00 0 
7fb21cc3e000-7fb21cc47000 r-xp 00000000 ca:01 397628                     /lib/x86_64-linux-gnu/libnss_compat-2.19.so
7fb21cc47000-7fb21ce46000 ---p 00009000 ca:01 397628                     /lib/x86_64-linux-gnu/libnss_compat-2.19.so
7fb21ce46000-7fb21ce47000 r--p 00008000 ca:01 397628                     /lib/x86_64-linux-gnu/libnss_compat-2.19.so
7fb21ce47000-7fb21ce48000 rw-p 00009000 ca:01 397628                     /lib/x86_64-linux-gnu/libnss_compat-2.19.so
7fb21ce48000-7fb21ce73000 r-xp 00000000 ca:01 527791                     /usr/lib/jvm/java-8-oracle/jre/lib/amd64/libjava.so
7fb21ce73000-7fb21d072000 ---p 0002b000 ca:01 527791                     /usr/lib/jvm/java-8-oracle/jre/lib/amd64/libjava.so
7fb21d072000-7fb21d074000 rw-p 0002a000 ca:01 527791                     /usr/lib/jvm/java-8-oracle/jre/lib/amd64/libjava.so
7fb21d074000-7fb21d081000 r-xp 00000000 ca:01 527745                     /usr/lib/jvm/java-8-oracle/jre/lib/amd64/libverify.so
7fb21d081000-7fb21d280000 ---p 0000d000 ca:01 527745                     /usr/lib/jvm/java-8-oracle/jre/lib/amd64/libverify.so
7fb21d280000-7fb21d282000 rw-p 0000c000 ca:01 527745                     /usr/lib/jvm/java-8-oracle/jre/lib/amd64/libverify.so
7fb21d282000-7fb21d289000 r-xp 00000000 ca:01 397618                     /lib/x86_64-linux-gnu/librt-2.19.so
7fb21d289000-7fb21d488000 ---p 00007000 ca:01 397618                     /lib/x86_64-linux-gnu/librt-2.19.so
7fb21d488000-7fb21d489000 r--p 00006000 ca:01 397618                     /lib/x86_64-linux-gnu/librt-2.19.so
7fb21d489000-7fb21d48a000 rw-p 00007000 ca:01 397618                     /lib/x86_64-linux-gnu/librt-2.19.so
7fb21d48a000-7fb21d58f000 r-xp 00000000 ca:01 397631                     /lib/x86_64-linux-gnu/libm-2.19.so
7fb21d58f000-7fb21d78e000 ---p 00105000 ca:01 397631                     /lib/x86_64-linux-gnu/libm-2.19.so
7fb21d78e000-7fb21d78f000 r--p 00104000 ca:01 397631                     /lib/x86_64-linux-gnu/libm-2.19.so
7fb21d78f000-7fb21d790000 rw-p 00105000 ca:01 397631                     /lib/x86_64-linux-gnu/libm-2.19.so
7fb21d790000-7fb21e45e000 r-xp 00000000 ca:01 527784                     /usr/lib/jvm/java-8-oracle/jre/lib/amd64/server/libjvm.so
7fb21e45e000-7fb21e65e000 ---p 00cce000 ca:01 527784                     /usr/lib/jvm/java-8-oracle/jre/lib/amd64/server/libjvm.so
7fb21e65e000-7fb21e737000 rw-p 00cce000 ca:01 527784                     /usr/lib/jvm/java-8-oracle/jre/lib/amd64/server/libjvm.so
7fb21e737000-7fb21e782000 rw-p 00000000 00:00 0 
7fb21e782000-7fb21e940000 r-xp 00000000 ca:01 397627                     /lib/x86_64-linux-gnu/libc-2.19.so
7fb21e940000-7fb21eb3f000 ---p 001be000 ca:01 397627                     /lib/x86_64-linux-gnu/libc-2.19.so
7fb21eb3f000-7fb21eb43000 r--p 001bd000 ca:01 397627                     /lib/x86_64-linux-gnu/libc-2.19.so
7fb21eb43000-7fb21eb45000 rw-p 001c1000 ca:01 397627                     /lib/x86_64-linux-gnu/libc-2.19.so
7fb21eb45000-7fb21eb4a000 rw-p 00000000 00:00 0 
7fb21eb4a000-7fb21eb4d000 r-xp 00000000 ca:01 397637                     /lib/x86_64-linux-gnu/libdl-2.19.so
7fb21eb4d000-7fb21ed4c000 ---p 00003000 ca:01 397637                     /lib/x86_64-linux-gnu/libdl-2.19.so
7fb21ed4c000-7fb21ed4d000 r--p 00002000 ca:01 397637                     /lib/x86_64-linux-gnu/libdl-2.19.so
7fb21ed4d000-7fb21ed4e000 rw-p 00003000 ca:01 397637                     /lib/x86_64-linux-gnu/libdl-2.19.so
7fb21ed4e000-7fb21ed63000 r-xp 00000000 ca:01 527096                     /usr/lib/jvm/java-8-oracle/lib/amd64/jli/libjli.so
7fb21ed63000-7fb21ef63000 ---p 00015000 ca:01 527096                     /usr/lib/jvm/java-8-oracle/lib/amd64/jli/libjli.so
7fb21ef63000-7fb21ef64000 rw-p 00015000 ca:01 527096                     /usr/lib/jvm/java-8-oracle/lib/amd64/jli/libjli.so
7fb21ef64000-7fb21ef7d000 r-xp 00000000 ca:01 397638                     /lib/x86_64-linux-gnu/libpthread-2.19.so
7fb21ef7d000-7fb21f17c000 ---p 00019000 ca:01 397638                     /lib/x86_64-linux-gnu/libpthread-2.19.so
7fb21f17c000-7fb21f17d000 r--p 00018000 ca:01 397638                     /lib/x86_64-linux-gnu/libpthread-2.19.so
7fb21f17d000-7fb21f17e000 rw-p 00019000 ca:01 397638                     /lib/x86_64-linux-gnu/libpthread-2.19.so
7fb21f17e000-7fb21f182000 rw-p 00000000 00:00 0 
7fb21f182000-7fb21f1a5000 r-xp 00000000 ca:01 397635                     /lib/x86_64-linux-gnu/ld-2.19.so
7fb21f1a5000-7fb21f1a6000 r--s 00002000 ca:01 788759                     /usr/lib/gradle/3.1/lib/gradle-docs-3.1.jar
7fb21f1a6000-7fb21f1a7000 r--s 00000000 ca:01 788893                     /usr/lib/gradle/3.1/lib/javax.inject-1.jar
7fb21f1a7000-7fb21f1a8000 r--s 00000000 ca:01 788892                     /usr/lib/gradle/3.1/lib/jcip-annotations-1.0.jar
7fb21f1a8000-7fb21f1ad000 r--s 00041000 ca:01 788752                     /usr/lib/gradle/3.1/lib/commons-lang-2.6.jar
7fb21f1ad000-7fb21f1b6000 r--s 0003f000 ca:01 788901                     /usr/lib/gradle/3.1/lib/gradle-base-services-3.1.jar
7fb21f1b6000-7fb21f1c2000 r--s 0005c000 ca:01 788753                     /usr/lib/gradle/3.1/lib/gradle-launcher-3.1.jar
7fb21f1c2000-7fb21f28e000 rw-p 00000000 00:00 0 
7fb21f28e000-7fb21f296000 rw-s 00000000 ca:01 525782                     /tmp/hsperfdata_root/6648
7fb21f296000-7fb21f299000 ---p 00000000 00:00 0 
7fb21f299000-7fb21f39b000 rw-p 00000000 00:00 0                          [stack:6650]
7fb21f39b000-7fb21f39c000 r--s 00001000 ca:01 788880                     /usr/lib/gradle/3.1/lib/gradle-process-services-3.1.jar
7fb21f39c000-7fb21f39e000 r--s 00000000 ca:01 788745                     /usr/lib/gradle/3.1/lib/gradle-jvm-services-3.1.jar
7fb21f39e000-7fb21f39f000 r--s 00007000 ca:01 788881                     /usr/lib/gradle/3.1/lib/slf4j-api-1.7.10.jar
7fb21f39f000-7fb21f3a0000 r--s 00004000 ca:01 788894                     /usr/lib/gradle/3.1/lib/ant-launcher-1.9.6.jar
7fb21f3a0000-7fb21f3a1000 rw-p 00000000 00:00 0 
7fb21f3a1000-7fb21f3a2000 ---p 00000000 00:00 0 
7fb21f3a2000-7fb21f3a4000 rw-p 00000000 00:00 0 
7fb21f3a4000-7fb21f3a5000 r--p 00022000 ca:01 397635                     /lib/x86_64-linux-gnu/ld-2.19.so
7fb21f3a5000-7fb21f3a6000 rw-p 00023000 ca:01 397635                     /lib/x86_64-linux-gnu/ld-2.19.so
7fb21f3a6000-7fb21f3a7000 rw-p 00000000 00:00 0 
7fffd1832000-7fffd1853000 rw-p 00000000 00:00 0                          [stack]
7fffd19ad000-7fffd19af000 r-xp 00000000 00:00 0                          [vdso]
ffffffffff600000-ffffffffff601000 r-xp 00000000 00:00 0                  [vsyscall]

VM Arguments:
jvm_args: -XX:MaxPermSize=512m -XX:+HeapDumpOnOutOfMemoryError -Xmx2048m -Dfile.encoding=UTF-8 -Duser.country=US -Duser.language=en -Duser.variant 
java_command: org.gradle.launcher.daemon.bootstrap.GradleDaemon 3.1
java_class_path (initial): /usr/lib/gradle/3.1/lib/gradle-launcher-3.1.jar
Launcher Type: SUN_STANDARD

Environment Variables:
JAVA_HOME=/usr/lib/jvm/java-8-oracle
PATH=/opt/android-sdk-linux/tools:/opt/android-sdk-linux/platform-tools:/usr/local/sbin:/usr/local/bin:/usr/sbin:/usr/bin:/sbin:/bin:/usr/lib/jvm/java-8-oracle/bin:/usr/lib/jvm/java-8-oracle/db/bin:/usr/lib/jvm/java-8-oracle/jre/bin:/usr/lib/gradle/3.1/bin:/opt/sonar-runner-2.4/bin
SHELL=/bin/bash

Signal Handlers:
SIGSEGV: [libjvm.so+0xac78c0], sa_mask[0]=11111111011111111101111111111110, sa_flags=SA_RESTART|SA_SIGINFO
SIGBUS: [libjvm.so+0xac78c0], sa_mask[0]=11111111011111111101111111111110, sa_flags=SA_RESTART|SA_SIGINFO
SIGFPE: [libjvm.so+0x920ac0], sa_mask[0]=11111111011111111101111111111110, sa_flags=SA_RESTART|SA_SIGINFO
SIGPIPE: [libjvm.so+0x920ac0], sa_mask[0]=11111111011111111101111111111110, sa_flags=SA_RESTART|SA_SIGINFO
SIGXFSZ: [libjvm.so+0x920ac0], sa_mask[0]=11111111011111111101111111111110, sa_flags=SA_RESTART|SA_SIGINFO
SIGILL: [libjvm.so+0x920ac0], sa_mask[0]=11111111011111111101111111111110, sa_flags=SA_RESTART|SA_SIGINFO
SIGUSR1: SIG_DFL, sa_mask[0]=00000000000000000000000000000000, sa_flags=none
SIGUSR2: [libjvm.so+0x922300], sa_mask[0]=00100000000000000000000000000000, sa_flags=SA_RESTART|SA_SIGINFO
SIGHUP: [libjvm.so+0x923700], sa_mask[0]=11111111011111111101111111111110, sa_flags=SA_RESTART|SA_SIGINFO
SIGINT: [libjvm.so+0x923700], sa_mask[0]=11111111011111111101111111111110, sa_flags=SA_RESTART|SA_SIGINFO
SIGTERM: [libjvm.so+0x923700], sa_mask[0]=11111111011111111101111111111110, sa_flags=SA_RESTART|SA_SIGINFO
SIGQUIT: [libjvm.so+0x923700], sa_mask[0]=11111111011111111101111111111110, sa_flags=SA_RESTART|SA_SIGINFO


---------------  S Y S T E M  ---------------

OS:DISTRIB_ID=Ubuntu
DISTRIB_RELEASE=14.04
DISTRIB_CODENAME=trusty
DISTRIB_DESCRIPTION="Ubuntu 14.04.5 LTS"

uname:Linux 3.13.0-107-generic #154-Ubuntu SMP Tue Dec 20 09:57:27 UTC 2016 x86_64
libc:glibc 2.19 NPTL 2.19 
rlimit: STACK 8192k, CORE 0k, NPROC 31537, NOFILE 4096, AS infinity
load average:1.00 0.55 0.59

/proc/meminfo:
MemTotal:        4046832 kB
MemFree:          122876 kB
Buffers:           15344 kB
Cached:            72860 kB
SwapCached:            0 kB
Active:          3800564 kB
Inactive:          41596 kB
Active(anon):    3754004 kB
Inactive(anon):      304 kB
Active(file):      46560 kB
Inactive(file):    41292 kB
Unevictable:           0 kB
Mlocked:               0 kB
SwapTotal:             0 kB
SwapFree:              0 kB
Dirty:               440 kB
Writeback:             0 kB
AnonPages:       3753920 kB
Mapped:            26260 kB
Shmem:               388 kB
Slab:              34244 kB
SReclaimable:      18412 kB
SUnreclaim:        15832 kB
KernelStack:        3328 kB
PageTables:        13036 kB
NFS_Unstable:          0 kB
Bounce:                0 kB
WritebackTmp:          0 kB
CommitLimit:     2023416 kB
Committed_AS:    4175500 kB
VmallocTotal:   34359738367 kB
VmallocUsed:        9728 kB
VmallocChunk:   34359720692 kB
HardwareCorrupted:     0 kB
AnonHugePages:   2985984 kB
HugePages_Total:       0
HugePages_Free:        0
HugePages_Rsvd:        0
HugePages_Surp:        0
Hugepagesize:       2048 kB
DirectMap4k:       28672 kB
DirectMap2M:     4296704 kB


CPU:total 2 (2 cores per cpu, 1 threads per core) family 6 model 63 stepping 2, cmov, cx8, fxsr, mmx, sse, sse2, sse3, ssse3, sse4.1, sse4.2, popcnt, avx, avx2, aes, clmul, erms, lzcnt, tsc, bmi1, bmi2

/proc/cpuinfo:
processor	: 0
vendor_id	: GenuineIntel
cpu family	: 6
model		: 63
model name	: Intel(R) Xeon(R) CPU E5-2676 v3 @ 2.40GHz
stepping	: 2
microcode	: 0x36
cpu MHz		: 2400.070
cache size	: 30720 KB
physical id	: 0
siblings	: 2
core id		: 0
cpu cores	: 2
apicid		: 0
initial apicid	: 0
fpu		: yes
fpu_exception	: yes
cpuid level	: 13
wp		: yes
flags		: fpu vme de pse tsc msr pae mce cx8 apic sep mtrr pge mca cmov pat pse36 clflush mmx fxsr sse sse2 ht syscall nx rdtscp lm constant_tsc rep_good nopl xtopology eagerfpu pni pclmulqdq ssse3 fma cx16 pcid sse4_1 sse4_2 x2apic movbe popcnt tsc_deadline_timer aes xsave avx f16c rdrand hypervisor lahf_lm abm xsaveopt fsgsbase bmi1 avx2 smep bmi2 erms invpcid
bogomips	: 4800.14
clflush size	: 64
cache_alignment	: 64
address sizes	: 46 bits physical, 48 bits virtual
power management:

processor	: 1
vendor_id	: GenuineIntel
cpu family	: 6
model		: 63
model name	: Intel(R) Xeon(R) CPU E5-2676 v3 @ 2.40GHz
stepping	: 2
microcode	: 0x36
cpu MHz		: 2400.070
cache size	: 30720 KB
physical id	: 0
siblings	: 2
core id		: 1
cpu cores	: 2
apicid		: 2
initial apicid	: 2
fpu		: yes
fpu_exception	: yes
cpuid level	: 13
wp		: yes
flags		: fpu vme de pse tsc msr pae mce cx8 apic sep mtrr pge mca cmov pat pse36 clflush mmx fxsr sse sse2 ht syscall nx rdtscp lm constant_tsc rep_good nopl xtopology eagerfpu pni pclmulqdq ssse3 fma cx16 pcid sse4_1 sse4_2 x2apic movbe popcnt tsc_deadline_timer aes xsave avx f16c rdrand hypervisor lahf_lm abm xsaveopt fsgsbase bmi1 avx2 smep bmi2 erms invpcid
bogomips	: 4800.14
clflush size	: 64
cache_alignment	: 64
address sizes	: 46 bits physical, 48 bits virtual
power management:



Memory: 4k page, physical 4046832k(122876k free), swap 0k(0k free)

vm_info: Java HotSpot(TM) 64-Bit Server VM (25.121-b13) for linux-amd64 JRE (1.8.0_121-b13), built on Dec 12 2016 16:36:53 by "java_re" with gcc 4.3.0 20080428 (Red Hat 4.3.0-8)

time: Mon Mar 27 09:49:42 2017
elapsed time: 13 seconds (0d 0h 0m 13s)

